#
# A fatal error has been detected by the Java Runtime Environment:
#
#  SIGSEGV (0xb) at pc=0x00007fe5476ef42b, pid=7445, tid=7476
#
# JRE version: OpenJDK Runtime Environment (11.0.10+9) (build 11.0.10+9-Ubuntu-0ubuntu1.20.04)
# Java VM: OpenJDK 64-Bit Server VM (11.0.10+9-Ubuntu-0ubuntu1.20.04, mixed mode, sharing, tiered, compressed oops, g1 gc, linux-amd64)
# Problematic frame:
# V  [libjvm.so+0x67942b]
#
# Core dump will be written. Default location: Core dumps may be processed with "/usr/share/apport/apport %p %s %c %d %P %E" (or dumping to /home/saman/Desktop/simple-microservices/core.7445)
#
# If you would like to submit a bug report, please visit:
#   https://bugs.launchpad.net/ubuntu/+source/openjdk-lts
#

---------------  S U M M A R Y ------------

Command Line: -XX:TieredStopAtLevel=1 -Xverify:none -Dspring.output.ansi.enabled=always -Dcom.sun.management.jmxremote -Dspring.jmx.enabled=true -Dspring.liveBeansView.mbeanDomain -Dspring.application.admin.enabled=true -javaagent:/home/saman/Desktop/ideaIU-2020.2.3/idea-IU-202.7660.26/lib/idea_rt.jar=37549:/home/saman/Desktop/ideaIU-2020.2.3/idea-IU-202.7660.26/bin -Dfile.encoding=UTF-8 com.example.currencyechangeservice.CurrencyEchangeServiceApplication

Host: Intel(R) Core(TM) i5 CPU       M 520  @ 2.40GHz, 4 cores, 7G, Ubuntu 20.04.1 LTS
Time: Thu Apr 15 22:27:53 2021 +0430 elapsed time: 4.709589 seconds (0d 0h 0m 4s)

---------------  T H R E A D  ---------------

Current thread (0x00007fe4c8007800):  JavaThread "restartedMain" [_thread_in_vm, id=7476, stack(0x00007fe52025f000,0x00007fe520360000)]

Stack: [0x00007fe52025f000,0x00007fe520360000],  sp=0x00007fe52035d5e0,  free space=1017k
Native frames: (J=compiled Java code, A=aot compiled Java code, j=interpreted, Vv=VM code, C=native code)
V  [libjvm.so+0x67942b]
V  [libjvm.so+0x84d4f8]
V  [libjvm.so+0x84d7f0]

Java frames: (J=compiled Java code, j=interpreted, Vv=VM code)

[error occurred during error reporting (printing Java stack), id 0xb, SIGSEGV (0xb) at pc=0x00007fe547bd0754]


siginfo: si_signo: 11 (SIGSEGV), si_code: 2 (SEGV_ACCERR), si_addr: 0x00000008003ba161
Error accessing class data sharing archive. Mapped file inaccessible during execution, possible disk/network problem.
Register to memory mapping:

RAX=0x0000000000000062 is an unknown value
RBX=0x00007fe4c80047c0 points into unknown readable memory: 0x0000000000000000 | 00 00 00 00 00 00 00 00
RCX=0x0000000000000007 is an unknown value
RDX=0x0000000000000001 is an unknown value
RSP=0x00007fe52035d5e0 is pointing into the stack for thread: 0x00007fe4c8007800
RBP=0x00007fe52035d630 is pointing into the stack for thread: 0x00007fe4c8007800
RSI=0x0000000058355ef0 is an unknown value
RDI=0x00007fe548287fc0: <offset 0x0000000001211fc0> in /usr/lib/jvm/java-11-openjdk-amd64/lib/server/libjvm.so at 0x00007fe547076000
R8 =0x00007fe528899810 is at code_begin+-112 in 
[CodeBlob (0x00007fe528899810)]
Framesize: 0
BufferBlob (0x00007fe528899810) used for Interpreter
R9 =0x00007fe528891000 points into unknown readable memory: 0x0000000000000004 | 04 00 00 00 00 00 00 00
R10=0x0000000800a63ee8 is pointing into metadata
R11=0x0000000800000000 is pointing into metadata
R12=0x0000000058355ef0 is an unknown value
R13=0x00000008003ba0c0 is pointing into metadata
R14=0x00007fe4c8004400 points into unknown readable memory: 0x00007fe400000002 | 02 00 00 00 e4 7f 00 00
R15=0x0000000000000001 is an unknown value


Registers:
RAX=0x0000000000000062, RBX=0x00007fe4c80047c0, RCX=0x0000000000000007, RDX=0x0000000000000001
RSP=0x00007fe52035d5e0, RBP=0x00007fe52035d630, RSI=0x0000000058355ef0, RDI=0x00007fe548287fc0
R8 =0x00007fe528899810, R9 =0x00007fe528891000, R10=0x0000000800a63ee8, R11=0x0000000800000000
R12=0x0000000058355ef0, R13=0x00000008003ba0c0, R14=0x00007fe4c8004400, R15=0x0000000000000001
RIP=0x00007fe5476ef42b, EFLAGS=0x0000000000010202, CSGSFS=0x002b000000000033, ERR=0x0000000000000007
  TRAPNO=0x000000000000000e

Top of Stack: (sp=0x00007fe52035d5e0)
0x00007fe52035d5e0:   0000000000000000 00000000000003d8
0x00007fe52035d5f0:   00007fe4c8004ba8 00007fe4c80047d0
0x00007fe52035d600:   00007fe52035d650 00007fe4c8008210
0x00007fe52035d610:   0000000058355ef0 0000000000000001 

Instructions: (pc=0x00007fe5476ef42b)
0x00007fe5476ef32b:   01 41 8d 47 ff 44 89 f9 83 f8 07 0f 86 84 00 00
0x00007fe5476ef33b:   00 41 83 ff 0e 0f 84 5a 02 00 00 41 83 ff 12 0f
0x00007fe5476ef34b:   84 98 01 00 00 41 83 ff 13 0f 84 6e 02 00 00 41
0x00007fe5476ef35b:   83 ff 14 0f 84 7c 02 00 00 41 83 ff 16 0f 84 82
0x00007fe5476ef36b:   02 00 00 41 83 ff 17 0f 84 60 02 00 00 48 83 3b
0x00007fe5476ef37b:   00 74 14 48 8b 75 b8 4c 89 f7 e8 56 e1 d8 ff 48
0x00007fe5476ef38b:   89 df e8 6e d3 d8 ff 48 8b 45 c0 66 48 0f 6e c3
0x00007fe5476ef39b:   0f 16 45 c8 49 89 46 20 41 0f 11 46 10 48 83 c4
0x00007fe5476ef3ab:   28 5b 41 5c 41 5d 41 5e 41 5f 5d c3 66 0f 1f 84
0x00007fe5476ef3bb:   00 00 00 00 00 41 8d 47 ee 44 89 e6 4c 89 ef 89
0x00007fe5476ef3cb:   45 b0 e8 2e e0 4e 00 48 89 c2 48 85 c0 74 66 48
0x00007fe5476ef3db:   8b 7a 08 8b 4f 04 89 ce 81 e6 ff ff ff 7f 81 fe
0x00007fe5476ef3eb:   ff ff ff 7f 74 87 41 39 f7 74 82 89 c8 25 00 00
0x00007fe5476ef3fb:   00 80 45 8d 04 07 05 ff ff ff 7f 85 f6 44 0f 45
0x00007fe5476ef40b:   c0 44 39 c1 0f 84 63 ff ff ff 41 09 c8 44 89 47
0x00007fe5476ef41b:   04 e9 57 ff ff ff 0f 1f 80 00 00 00 00 83 c0 01
0x00007fe5476ef42b:   41 88 84 15 a0 00 00 00 e9 f4 fe ff ff 0f 1f 84
0x00007fe5476ef43b:   00 00 00 00 00 31 d2 b9 01 00 00 00 44 89 e6 4c
0x00007fe5476ef44b:   89 ef e8 3e dd 4e 00 48 89 c2 48 85 c0 75 80 44
0x00007fe5476ef45b:   89 e6 4c 89 ef e8 9b df 4e 00 48 89 c2 48 85 c0
0x00007fe5476ef46b:   0f 84 c7 00 00 00 83 7d b0 02 0f 87 5f ff ff ff
0x00007fe5476ef47b:   48 8b 02 48 89 55 b0 48 89 d7 ff 50 70 48 8b 55
0x00007fe5476ef48b:   b0 84 c0 0f 85 46 ff ff ff 48 8d 05 25 6d be 00
0x00007fe5476ef49b:   80 38 00 0f 84 36 ff ff ff 4c 8d 25 5d 08 c0 00
0x00007fe5476ef4ab:   49 83 3c 24 00 0f 84 24 ff ff ff e8 05 9d 56 00
0x00007fe5476ef4bb:   49 8b 3c 24 48 8d 35 a6 75 8b 00 49 89 c5 31 c0
0x00007fe5476ef4cb:   e8 b0 ca 83 00 4c 89 ef e8 18 9d 56 00 48 8b 55
0x00007fe5476ef4db:   b0 e9 f9 fe ff ff 0f 1f 80 00 00 00 00 41 bf 04
0x00007fe5476ef4eb:   00 00 00 44 89 e6 4c 89 ef 89 4d b0 e8 04 df 4e
0x00007fe5476ef4fb:   00 48 89 c2 48 85 c0 0f 85 73 ff ff ff 8b 4d b0
0x00007fe5476ef50b:   31 d2 44 89 e6 4c 89 ef 8d 41 ee b9 01 00 00 00
0x00007fe5476ef51b:   89 45 b0 e8 6d dc 4e 00 48 89 c2 48 85 c0 0f 85 


Stack slot to memory mapping:
stack at sp + 0 slots: 0x0 is NULL
stack at sp + 1 slots: 0x00000000000003d8 is an unknown value
stack at sp + 2 slots: 0x00007fe4c8004ba8 points into unknown readable memory: 0x0000000000050002 | 02 00 05 00 00 00 00 00
stack at sp + 3 slots: 0x00007fe4c80047d0 points into unknown readable memory: 0x0000000a00000001 | 01 00 00 00 0a 00 00 00
stack at sp + 4 slots: 0x00007fe52035d650 is pointing into the stack for thread: 0x00007fe4c8007800
stack at sp + 5 slots: 0x00007fe4c8008210 points into unknown readable memory: 0x000000f000000006 | 06 00 00 00 f0 00 00 00
stack at sp + 6 slots: 0x0000000058355ef0 is an unknown value
stack at sp + 7 slots: 0x0000000000000001 is an unknown value


---------------  P R O C E S S  ---------------

Threads class SMR info:
_java_thread_list=0x00007fe4b806cb00, length=15, elements={
0x00007fe540019800, 0x00007fe540177000, 0x00007fe540179000, 0x00007fe54017e800,
0x00007fe540180800, 0x00007fe540182800, 0x00007fe540184800, 0x00007fe54019b000,
0x00007fe54051f000, 0x00007fe5405ce000, 0x00007fe4f8001000, 0x00007fe4e4001800,
0x00007fe4d0038800, 0x00007fe54083e800, 0x00007fe4c8007800
}

Java Threads: ( => current thread )
  0x00007fe540019800 JavaThread "main" [_thread_blocked, id=7446, stack(0x00007fe546c2a000,0x00007fe546d2b000)]
  0x00007fe540177000 JavaThread "Reference Handler" daemon [_thread_blocked, id=7454, stack(0x00007fe544640000,0x00007fe544741000)]
  0x00007fe540179000 JavaThread "Finalizer" daemon [_thread_blocked, id=7455, stack(0x00007fe54453f000,0x00007fe544640000)]
  0x00007fe54017e800 JavaThread "Signal Dispatcher" daemon [_thread_blocked, id=7456, stack(0x00007fe54443e000,0x00007fe54453f000)]
  0x00007fe540180800 JavaThread "Service Thread" daemon [_thread_blocked, id=7457, stack(0x00007fe54433d000,0x00007fe54443e000)]
  0x00007fe540182800 JavaThread "C1 CompilerThread0" daemon [_thread_blocked, id=7458, stack(0x00007fe54423c000,0x00007fe54433d000)]
  0x00007fe540184800 JavaThread "Sweeper thread" daemon [_thread_blocked, id=7459, stack(0x00007fe54413b000,0x00007fe54423c000)]
  0x00007fe54019b000 JavaThread "Common-Cleaner" daemon [_thread_blocked, id=7460, stack(0x00007fe54403a000,0x00007fe54413b000)]
  0x00007fe54051f000 JavaThread "Monitor Ctrl-Break" daemon [_thread_in_native, id=7461, stack(0x00007fe528790000,0x00007fe528891000)]
  0x00007fe5405ce000 JavaThread "RMI TCP Accept-0" daemon [_thread_in_native, id=7464, stack(0x00007fe528584000,0x00007fe528685000)]
  0x00007fe4f8001000 JavaThread "Attach Listener" daemon [_thread_blocked, id=7466, stack(0x00007fe528381000,0x00007fe528482000)]
  0x00007fe4e4001800 JavaThread "RMI TCP Connection(1)-127.0.0.1" daemon [_thread_in_native, id=7468, stack(0x00007fe528280000,0x00007fe528381000)]
  0x00007fe4d0038800 JavaThread "RMI Scheduler(0)" daemon [_thread_blocked, id=7469, stack(0x00007fe52817f000,0x00007fe528280000)]
  0x00007fe54083e800 JavaThread "Thread-0" [_thread_blocked, id=7475, stack(0x00007fe52807e000,0x00007fe52817f000)]
=>0x00007fe4c8007800 JavaThread "restartedMain" [_thread_in_vm, id=7476, stack(0x00007fe52025f000,0x00007fe520360000)]

Other Threads:
  0x00007fe540174000 VMThread "VM Thread" [stack: 0x00007fe544743000,0x00007fe544843000] [id=7453]
  0x00007fe5405d4800 WatcherThread [stack: 0x00007fe528484000,0x00007fe528584000] [id=7465]
  0x00007fe540031000 GCTaskThread "GC Thread#0" [stack: 0x00007fe5468d0000,0x00007fe5469d0000] [id=7448]
  0x00007fe50c001000 GCTaskThread "GC Thread#1" [stack: 0x00007fe528687000,0x00007fe528787000] [id=7463]
  0x00007fe50c02c800 GCTaskThread "GC Thread#2" [stack: 0x00007fe518c14000,0x00007fe518d14000] [id=7489]
  0x00007fe50c02d800 GCTaskThread "GC Thread#3" [stack: 0x00007fe518b12000,0x00007fe518c12000] [id=7490]
  0x00007fe540061800 ConcurrentGCThread "G1 Main Marker" [stack: 0x00007fe54582b000,0x00007fe54592b000] [id=7449]
  0x00007fe540063800 ConcurrentGCThread "G1 Conc#0" [stack: 0x00007fe545729000,0x00007fe545829000] [id=7450]
  0x00007fe5400da000 ConcurrentGCThread "G1 Refine#0" [stack: 0x00007fe545223000,0x00007fe545323000] [id=7451]
  0x00007fe5400dc000 ConcurrentGCThread "G1 Young RemSet Sampling" [stack: 0x00007fe545121000,0x00007fe545221000] [id=7452]

Threads with active compile tasks:

VM state:not at safepoint (normal execution)

VM Mutex/Monitor currently owned by a thread: None

Heap address: 0x0000000086c00000, size: 1940 MB, Compressed Oops mode: 32-bit
Narrow klass base: 0x0000000800000000, Narrow klass shift: 3
Compressed class space size: 1073741824 Address: 0x0000000840000000

Heap:
 garbage-first heap   total 172032K, used 27256K [0x0000000086c00000, 0x0000000100000000)
  region size 1024K, 21 young (21504K), 7 survivors (7168K)
 Metaspace       used 20458K, capacity 21481K, committed 21552K, reserved 1067008K
  class space    used 2750K, capacity 3172K, committed 3200K, reserved 1048576K
Heap Regions: E=young(eden), S=young(survivor), O=old, HS=humongous(starts), HC=humongous(continues), CS=collection set, F=free, A=archive, TAMS=top-at-mark-start (previous, next)
|   0|0x0000000086c00000, 0x0000000086d00000, 0x0000000086d00000|100%|HS|  |TAMS 0x0000000086d00000, 0x0000000086c00000| Complete 
|   1|0x0000000086d00000, 0x0000000086e00000, 0x0000000086e00000|100%| O|  |TAMS 0x0000000086e00000, 0x0000000086d00000| Untracked 
|   2|0x0000000086e00000, 0x0000000086f00000, 0x0000000086f00000|100%| O|  |TAMS 0x0000000086f00000, 0x0000000086e00000| Untracked 
|   3|0x0000000086f00000, 0x0000000087000000, 0x0000000087000000|100%| O|  |TAMS 0x0000000087000000, 0x0000000086f00000| Untracked 
|   4|0x0000000087000000, 0x0000000087100000, 0x0000000087100000|100%| O|  |TAMS 0x0000000087100000, 0x0000000087000000| Untracked 
|   5|0x0000000087100000, 0x00000000871ec200, 0x0000000087200000| 92%| O|  |TAMS 0x00000000871ec200, 0x0000000087100000| Untracked 
|   6|0x0000000087200000, 0x0000000087200000, 0x0000000087300000|  0%| F|  |TAMS 0x0000000087200000, 0x0000000087200000| Untracked 
|   7|0x0000000087300000, 0x0000000087300000, 0x0000000087400000|  0%| F|  |TAMS 0x0000000087300000, 0x0000000087300000| Untracked 
|   8|0x0000000087400000, 0x0000000087400000, 0x0000000087500000|  0%| F|  |TAMS 0x0000000087400000, 0x0000000087400000| Untracked 
|   9|0x0000000087500000, 0x0000000087500000, 0x0000000087600000|  0%| F|  |TAMS 0x0000000087500000, 0x0000000087500000| Untracked 
|  10|0x0000000087600000, 0x0000000087600000, 0x0000000087700000|  0%| F|  |TAMS 0x0000000087600000, 0x0000000087600000| Untracked 
|  11|0x0000000087700000, 0x0000000087700000, 0x0000000087800000|  0%| F|  |TAMS 0x0000000087700000, 0x0000000087700000| Untracked 
|  12|0x0000000087800000, 0x0000000087800000, 0x0000000087900000|  0%| F|  |TAMS 0x0000000087800000, 0x0000000087800000| Untracked 
|  13|0x0000000087900000, 0x0000000087900000, 0x0000000087a00000|  0%| F|  |TAMS 0x0000000087900000, 0x0000000087900000| Untracked 
|  14|0x0000000087a00000, 0x0000000087a00000, 0x0000000087b00000|  0%| F|  |TAMS 0x0000000087a00000, 0x0000000087a00000| Untracked 
|  15|0x0000000087b00000, 0x0000000087b00000, 0x0000000087c00000|  0%| F|  |TAMS 0x0000000087b00000, 0x0000000087b00000| Untracked 
|  16|0x0000000087c00000, 0x0000000087c00000, 0x0000000087d00000|  0%| F|  |TAMS 0x0000000087c00000, 0x0000000087c00000| Untracked 
|  17|0x0000000087d00000, 0x0000000087d00000, 0x0000000087e00000|  0%| F|  |TAMS 0x0000000087d00000, 0x0000000087d00000| Untracked 
|  18|0x0000000087e00000, 0x0000000087e00000, 0x0000000087f00000|  0%| F|  |TAMS 0x0000000087e00000, 0x0000000087e00000| Untracked 
|  19|0x0000000087f00000, 0x0000000087f00000, 0x0000000088000000|  0%| F|  |TAMS 0x0000000087f00000, 0x0000000087f00000| Untracked 
|  20|0x0000000088000000, 0x0000000088000000, 0x0000000088100000|  0%| F|  |TAMS 0x0000000088000000, 0x0000000088000000| Untracked 
|  21|0x0000000088100000, 0x0000000088100000, 0x0000000088200000|  0%| F|  |TAMS 0x0000000088100000, 0x0000000088100000| Untracked 
|  22|0x0000000088200000, 0x0000000088200000, 0x0000000088300000|  0%| F|  |TAMS 0x0000000088200000, 0x0000000088200000| Untracked 
|  23|0x0000000088300000, 0x0000000088300000, 0x0000000088400000|  0%| F|  |TAMS 0x0000000088300000, 0x0000000088300000| Untracked 
|  24|0x0000000088400000, 0x0000000088400000, 0x0000000088500000|  0%| F|  |TAMS 0x0000000088400000, 0x0000000088400000| Untracked 
|  25|0x0000000088500000, 0x0000000088500000, 0x0000000088600000|  0%| F|  |TAMS 0x0000000088500000, 0x0000000088500000| Untracked 
|  26|0x0000000088600000, 0x0000000088600000, 0x0000000088700000|  0%| F|  |TAMS 0x0000000088600000, 0x0000000088600000| Untracked 
|  27|0x0000000088700000, 0x0000000088700000, 0x0000000088800000|  0%| F|  |TAMS 0x0000000088700000, 0x0000000088700000| Untracked 
|  28|0x0000000088800000, 0x0000000088800000, 0x0000000088900000|  0%| F|  |TAMS 0x0000000088800000, 0x0000000088800000| Untracked 
|  29|0x0000000088900000, 0x0000000088900000, 0x0000000088a00000|  0%| F|  |TAMS 0x0000000088900000, 0x0000000088900000| Untracked 
|  30|0x0000000088a00000, 0x0000000088a00000, 0x0000000088b00000|  0%| F|  |TAMS 0x0000000088a00000, 0x0000000088a00000| Untracked 
|  31|0x0000000088b00000, 0x0000000088b00000, 0x0000000088c00000|  0%| F|  |TAMS 0x0000000088b00000, 0x0000000088b00000| Untracked 
|  32|0x0000000088c00000, 0x0000000088c00000, 0x0000000088d00000|  0%| F|  |TAMS 0x0000000088c00000, 0x0000000088c00000| Untracked 
|  33|0x0000000088d00000, 0x0000000088d00000, 0x0000000088e00000|  0%| F|  |TAMS 0x0000000088d00000, 0x0000000088d00000| Untracked 
|  34|0x0000000088e00000, 0x0000000088e00000, 0x0000000088f00000|  0%| F|  |TAMS 0x0000000088e00000, 0x0000000088e00000| Untracked 
|  35|0x0000000088f00000, 0x0000000088f00000, 0x0000000089000000|  0%| F|  |TAMS 0x0000000088f00000, 0x0000000088f00000| Untracked 
|  36|0x0000000089000000, 0x0000000089000000, 0x0000000089100000|  0%| F|  |TAMS 0x0000000089000000, 0x0000000089000000| Untracked 
|  37|0x0000000089100000, 0x0000000089100000, 0x0000000089200000|  0%| F|  |TAMS 0x0000000089100000, 0x0000000089100000| Untracked 
|  38|0x0000000089200000, 0x0000000089200000, 0x0000000089300000|  0%| F|  |TAMS 0x0000000089200000, 0x0000000089200000| Untracked 
|  39|0x0000000089300000, 0x0000000089300000, 0x0000000089400000|  0%| F|  |TAMS 0x0000000089300000, 0x0000000089300000| Untracked 
|  40|0x0000000089400000, 0x0000000089400000, 0x0000000089500000|  0%| F|  |TAMS 0x0000000089400000, 0x0000000089400000| Untracked 
|  41|0x0000000089500000, 0x0000000089500000, 0x0000000089600000|  0%| F|  |TAMS 0x0000000089500000, 0x0000000089500000| Untracked 
|  42|0x0000000089600000, 0x0000000089600000, 0x0000000089700000|  0%| F|  |TAMS 0x0000000089600000, 0x0000000089600000| Untracked 
|  43|0x0000000089700000, 0x0000000089700000, 0x0000000089800000|  0%| F|  |TAMS 0x0000000089700000, 0x0000000089700000| Untracked 
|  44|0x0000000089800000, 0x0000000089800000, 0x0000000089900000|  0%| F|  |TAMS 0x0000000089800000, 0x0000000089800000| Untracked 
|  45|0x0000000089900000, 0x0000000089900000, 0x0000000089a00000|  0%| F|  |TAMS 0x0000000089900000, 0x0000000089900000| Untracked 
|  46|0x0000000089a00000, 0x0000000089a00000, 0x0000000089b00000|  0%| F|  |TAMS 0x0000000089a00000, 0x0000000089a00000| Untracked 
|  47|0x0000000089b00000, 0x0000000089b00000, 0x0000000089c00000|  0%| F|  |TAMS 0x0000000089b00000, 0x0000000089b00000| Untracked 
|  48|0x0000000089c00000, 0x0000000089c00000, 0x0000000089d00000|  0%| F|  |TAMS 0x0000000089c00000, 0x0000000089c00000| Untracked 
|  49|0x0000000089d00000, 0x0000000089d00000, 0x0000000089e00000|  0%| F|  |TAMS 0x0000000089d00000, 0x0000000089d00000| Untracked 
|  50|0x0000000089e00000, 0x0000000089e00000, 0x0000000089f00000|  0%| F|  |TAMS 0x0000000089e00000, 0x0000000089e00000| Untracked 
|  51|0x0000000089f00000, 0x0000000089f00000, 0x000000008a000000|  0%| F|  |TAMS 0x0000000089f00000, 0x0000000089f00000| Untracked 
|  52|0x000000008a000000, 0x000000008a000000, 0x000000008a100000|  0%| F|  |TAMS 0x000000008a000000, 0x000000008a000000| Untracked 
|  53|0x000000008a100000, 0x000000008a100000, 0x000000008a200000|  0%| F|  |TAMS 0x000000008a100000, 0x000000008a100000| Untracked 
|  54|0x000000008a200000, 0x000000008a200000, 0x000000008a300000|  0%| F|  |TAMS 0x000000008a200000, 0x000000008a200000| Untracked 
|  55|0x000000008a300000, 0x000000008a300000, 0x000000008a400000|  0%| F|  |TAMS 0x000000008a300000, 0x000000008a300000| Untracked 
|  56|0x000000008a400000, 0x000000008a400000, 0x000000008a500000|  0%| F|  |TAMS 0x000000008a400000, 0x000000008a400000| Untracked 
|  57|0x000000008a500000, 0x000000008a500000, 0x000000008a600000|  0%| F|  |TAMS 0x000000008a500000, 0x000000008a500000| Untracked 
|  58|0x000000008a600000, 0x000000008a600000, 0x000000008a700000|  0%| F|  |TAMS 0x000000008a600000, 0x000000008a600000| Untracked 
|  59|0x000000008a700000, 0x000000008a700000, 0x000000008a800000|  0%| F|  |TAMS 0x000000008a700000, 0x000000008a700000| Untracked 
|  60|0x000000008a800000, 0x000000008a800000, 0x000000008a900000|  0%| F|  |TAMS 0x000000008a800000, 0x000000008a800000| Untracked 
|  61|0x000000008a900000, 0x000000008a900000, 0x000000008aa00000|  0%| F|  |TAMS 0x000000008a900000, 0x000000008a900000| Untracked 
|  62|0x000000008aa00000, 0x000000008aa00000, 0x000000008ab00000|  0%| F|  |TAMS 0x000000008aa00000, 0x000000008aa00000| Untracked 
|  63|0x000000008ab00000, 0x000000008ab00000, 0x000000008ac00000|  0%| F|  |TAMS 0x000000008ab00000, 0x000000008ab00000| Untracked 
|  64|0x000000008ac00000, 0x000000008ac00000, 0x000000008ad00000|  0%| F|  |TAMS 0x000000008ac00000, 0x000000008ac00000| Untracked 
|  65|0x000000008ad00000, 0x000000008ad00000, 0x000000008ae00000|  0%| F|  |TAMS 0x000000008ad00000, 0x000000008ad00000| Untracked 
|  66|0x000000008ae00000, 0x000000008ae00000, 0x000000008af00000|  0%| F|  |TAMS 0x000000008ae00000, 0x000000008ae00000| Untracked 
|  67|0x000000008af00000, 0x000000008af00000, 0x000000008b000000|  0%| F|  |TAMS 0x000000008af00000, 0x000000008af00000| Untracked 
|  68|0x000000008b000000, 0x000000008b000000, 0x000000008b100000|  0%| F|  |TAMS 0x000000008b000000, 0x000000008b000000| Untracked 
|  69|0x000000008b100000, 0x000000008b200000, 0x000000008b200000|100%| S|CS|TAMS 0x000000008b100000, 0x000000008b100000| Complete 
|  70|0x000000008b200000, 0x000000008b300000, 0x000000008b300000|100%| S|CS|TAMS 0x000000008b200000, 0x000000008b200000| Complete 
|  71|0x000000008b300000, 0x000000008b400000, 0x000000008b400000|100%| S|CS|TAMS 0x000000008b300000, 0x000000008b300000| Complete 
|  72|0x000000008b400000, 0x000000008b500000, 0x000000008b500000|100%| S|CS|TAMS 0x000000008b400000, 0x000000008b400000| Complete 
|  73|0x000000008b500000, 0x000000008b600000, 0x000000008b600000|100%| S|CS|TAMS 0x000000008b500000, 0x000000008b500000| Complete 
|  74|0x000000008b600000, 0x000000008b700000, 0x000000008b700000|100%| S|CS|TAMS 0x000000008b600000, 0x000000008b600000| Complete 
|  75|0x000000008b700000, 0x000000008b800000, 0x000000008b800000|100%| S|CS|TAMS 0x000000008b700000, 0x000000008b700000| Complete 
|  76|0x000000008b800000, 0x000000008b800000, 0x000000008b900000|  0%| F|  |TAMS 0x000000008b800000, 0x000000008b800000| Untracked 
|  77|0x000000008b900000, 0x000000008b900000, 0x000000008ba00000|  0%| F|  |TAMS 0x000000008b900000, 0x000000008b900000| Untracked 
|  78|0x000000008ba00000, 0x000000008ba00000, 0x000000008bb00000|  0%| F|  |TAMS 0x000000008ba00000, 0x000000008ba00000| Untracked 
|  79|0x000000008bb00000, 0x000000008bb00000, 0x000000008bc00000|  0%| F|  |TAMS 0x000000008bb00000, 0x000000008bb00000| Untracked 
|  80|0x000000008bc00000, 0x000000008bc00000, 0x000000008bd00000|  0%| F|  |TAMS 0x000000008bc00000, 0x000000008bc00000| Untracked 
|  81|0x000000008bd00000, 0x000000008bd00000, 0x000000008be00000|  0%| F|  |TAMS 0x000000008bd00000, 0x000000008bd00000| Untracked 
|  82|0x000000008be00000, 0x000000008be00000, 0x000000008bf00000|  0%| F|  |TAMS 0x000000008be00000, 0x000000008be00000| Untracked 
|  83|0x000000008bf00000, 0x000000008bf00000, 0x000000008c000000|  0%| F|  |TAMS 0x000000008bf00000, 0x000000008bf00000| Untracked 
|  84|0x000000008c000000, 0x000000008c000000, 0x000000008c100000|  0%| F|  |TAMS 0x000000008c000000, 0x000000008c000000| Untracked 
|  85|0x000000008c100000, 0x000000008c100000, 0x000000008c200000|  0%| F|  |TAMS 0x000000008c100000, 0x000000008c100000| Untracked 
|  86|0x000000008c200000, 0x000000008c200000, 0x000000008c300000|  0%| F|  |TAMS 0x000000008c200000, 0x000000008c200000| Untracked 
|  87|0x000000008c300000, 0x000000008c300000, 0x000000008c400000|  0%| F|  |TAMS 0x000000008c300000, 0x000000008c300000| Untracked 
|  88|0x000000008c400000, 0x000000008c400000, 0x000000008c500000|  0%| F|  |TAMS 0x000000008c400000, 0x000000008c400000| Untracked 
|  89|0x000000008c500000, 0x000000008c500000, 0x000000008c600000|  0%| F|  |TAMS 0x000000008c500000, 0x000000008c500000| Untracked 
|  90|0x000000008c600000, 0x000000008c600000, 0x000000008c700000|  0%| F|  |TAMS 0x000000008c600000, 0x000000008c600000| Untracked 
|  91|0x000000008c700000, 0x000000008c700000, 0x000000008c800000|  0%| F|  |TAMS 0x000000008c700000, 0x000000008c700000| Untracked 
|  92|0x000000008c800000, 0x000000008c800000, 0x000000008c900000|  0%| F|  |TAMS 0x000000008c800000, 0x000000008c800000| Untracked 
|  93|0x000000008c900000, 0x000000008c900000, 0x000000008ca00000|  0%| F|  |TAMS 0x000000008c900000, 0x000000008c900000| Untracked 
|  94|0x000000008ca00000, 0x000000008ca00000, 0x000000008cb00000|  0%| F|  |TAMS 0x000000008ca00000, 0x000000008ca00000| Untracked 
|  95|0x000000008cb00000, 0x000000008cb00000, 0x000000008cc00000|  0%| F|  |TAMS 0x000000008cb00000, 0x000000008cb00000| Untracked 
|  96|0x000000008cc00000, 0x000000008cc00000, 0x000000008cd00000|  0%| F|  |TAMS 0x000000008cc00000, 0x000000008cc00000| Untracked 
|  97|0x000000008cd00000, 0x000000008cd00000, 0x000000008ce00000|  0%| F|  |TAMS 0x000000008cd00000, 0x000000008cd00000| Untracked 
|  98|0x000000008ce00000, 0x000000008ce00000, 0x000000008cf00000|  0%| F|  |TAMS 0x000000008ce00000, 0x000000008ce00000| Untracked 
|  99|0x000000008cf00000, 0x000000008cf00000, 0x000000008d000000|  0%| F|  |TAMS 0x000000008cf00000, 0x000000008cf00000| Untracked 
| 100|0x000000008d000000, 0x000000008d000000, 0x000000008d100000|  0%| F|  |TAMS 0x000000008d000000, 0x000000008d000000| Untracked 
| 101|0x000000008d100000, 0x000000008d100000, 0x000000008d200000|  0%| F|  |TAMS 0x000000008d100000, 0x000000008d100000| Untracked 
| 102|0x000000008d200000, 0x000000008d200000, 0x000000008d300000|  0%| F|  |TAMS 0x000000008d200000, 0x000000008d200000| Untracked 
| 103|0x000000008d300000, 0x000000008d300000, 0x000000008d400000|  0%| F|  |TAMS 0x000000008d300000, 0x000000008d300000| Untracked 
| 104|0x000000008d400000, 0x000000008d400000, 0x000000008d500000|  0%| F|  |TAMS 0x000000008d400000, 0x000000008d400000| Untracked 
| 105|0x000000008d500000, 0x000000008d500000, 0x000000008d600000|  0%| F|  |TAMS 0x000000008d500000, 0x000000008d500000| Untracked 
| 106|0x000000008d600000, 0x000000008d600000, 0x000000008d700000|  0%| F|  |TAMS 0x000000008d600000, 0x000000008d600000| Untracked 
| 107|0x000000008d700000, 0x000000008d700000, 0x000000008d800000|  0%| F|  |TAMS 0x000000008d700000, 0x000000008d700000| Untracked 
| 108|0x000000008d800000, 0x000000008d800000, 0x000000008d900000|  0%| F|  |TAMS 0x000000008d800000, 0x000000008d800000| Untracked 
| 109|0x000000008d900000, 0x000000008d900000, 0x000000008da00000|  0%| F|  |TAMS 0x000000008d900000, 0x000000008d900000| Untracked 
| 110|0x000000008da00000, 0x000000008da00000, 0x000000008db00000|  0%| F|  |TAMS 0x000000008da00000, 0x000000008da00000| Untracked 
| 111|0x000000008db00000, 0x000000008db00000, 0x000000008dc00000|  0%| F|  |TAMS 0x000000008db00000, 0x000000008db00000| Untracked 
| 112|0x000000008dc00000, 0x000000008dc00000, 0x000000008dd00000|  0%| F|  |TAMS 0x000000008dc00000, 0x000000008dc00000| Untracked 
| 113|0x000000008dd00000, 0x000000008dd00000, 0x000000008de00000|  0%| F|  |TAMS 0x000000008dd00000, 0x000000008dd00000| Untracked 
| 114|0x000000008de00000, 0x000000008de00000, 0x000000008df00000|  0%| F|  |TAMS 0x000000008de00000, 0x000000008de00000| Untracked 
| 115|0x000000008df00000, 0x000000008df00000, 0x000000008e000000|  0%| F|  |TAMS 0x000000008df00000, 0x000000008df00000| Untracked 
| 116|0x000000008e000000, 0x000000008e000000, 0x000000008e100000|  0%| F|  |TAMS 0x000000008e000000, 0x000000008e000000| Untracked 
| 117|0x000000008e100000, 0x000000008e100000, 0x000000008e200000|  0%| F|  |TAMS 0x000000008e100000, 0x000000008e100000| Untracked 
| 118|0x000000008e200000, 0x000000008e200000, 0x000000008e300000|  0%| F|  |TAMS 0x000000008e200000, 0x000000008e200000| Untracked 
| 119|0x000000008e300000, 0x000000008e300000, 0x000000008e400000|  0%| F|  |TAMS 0x000000008e300000, 0x000000008e300000| Untracked 
| 120|0x000000008e400000, 0x000000008e400000, 0x000000008e500000|  0%| F|  |TAMS 0x000000008e400000, 0x000000008e400000| Untracked 
| 121|0x000000008e500000, 0x000000008e500000, 0x000000008e600000|  0%| F|  |TAMS 0x000000008e500000, 0x000000008e500000| Untracked 
| 122|0x000000008e600000, 0x000000008e600000, 0x000000008e700000|  0%| F|  |TAMS 0x000000008e600000, 0x000000008e600000| Untracked 
| 123|0x000000008e700000, 0x000000008e700000, 0x000000008e800000|  0%| F|  |TAMS 0x000000008e700000, 0x000000008e700000| Untracked 
| 124|0x000000008e800000, 0x000000008e800000, 0x000000008e900000|  0%| F|  |TAMS 0x000000008e800000, 0x000000008e800000| Untracked 
| 125|0x000000008e900000, 0x000000008e900000, 0x000000008ea00000|  0%| F|  |TAMS 0x000000008e900000, 0x000000008e900000| Untracked 
| 126|0x000000008ea00000, 0x000000008ea00000, 0x000000008eb00000|  0%| F|  |TAMS 0x000000008ea00000, 0x000000008ea00000| Untracked 
| 127|0x000000008eb00000, 0x000000008eb00000, 0x000000008ec00000|  0%| F|  |TAMS 0x000000008eb00000, 0x000000008eb00000| Untracked 
| 128|0x000000008ec00000, 0x000000008ec00000, 0x000000008ed00000|  0%| F|  |TAMS 0x000000008ec00000, 0x000000008ec00000| Untracked 
| 129|0x000000008ed00000, 0x000000008ed00000, 0x000000008ee00000|  0%| F|  |TAMS 0x000000008ed00000, 0x000000008ed00000| Untracked 
| 130|0x000000008ee00000, 0x000000008ee00000, 0x000000008ef00000|  0%| F|  |TAMS 0x000000008ee00000, 0x000000008ee00000| Untracked 
| 131|0x000000008ef00000, 0x000000008ef00000, 0x000000008f000000|  0%| F|  |TAMS 0x000000008ef00000, 0x000000008ef00000| Untracked 
| 132|0x000000008f000000, 0x000000008f000000, 0x000000008f100000|  0%| F|  |TAMS 0x000000008f000000, 0x000000008f000000| Untracked 
| 133|0x000000008f100000, 0x000000008f100000, 0x000000008f200000|  0%| F|  |TAMS 0x000000008f100000, 0x000000008f100000| Untracked 
| 134|0x000000008f200000, 0x000000008f200000, 0x000000008f300000|  0%| F|  |TAMS 0x000000008f200000, 0x000000008f200000| Untracked 
| 135|0x000000008f300000, 0x000000008f300000, 0x000000008f400000|  0%| F|  |TAMS 0x000000008f300000, 0x000000008f300000| Untracked 
| 136|0x000000008f400000, 0x000000008f400000, 0x000000008f500000|  0%| F|  |TAMS 0x000000008f400000, 0x000000008f400000| Untracked 
| 137|0x000000008f500000, 0x000000008f500000, 0x000000008f600000|  0%| F|  |TAMS 0x000000008f500000, 0x000000008f500000| Untracked 
| 138|0x000000008f600000, 0x000000008f600000, 0x000000008f700000|  0%| F|  |TAMS 0x000000008f600000, 0x000000008f600000| Untracked 
| 139|0x000000008f700000, 0x000000008f700000, 0x000000008f800000|  0%| F|  |TAMS 0x000000008f700000, 0x000000008f700000| Untracked 
| 140|0x000000008f800000, 0x000000008f800000, 0x000000008f900000|  0%| F|  |TAMS 0x000000008f800000, 0x000000008f800000| Untracked 
| 141|0x000000008f900000, 0x000000008f900000, 0x000000008fa00000|  0%| F|  |TAMS 0x000000008f900000, 0x000000008f900000| Untracked 
| 142|0x000000008fa00000, 0x000000008fa00000, 0x000000008fb00000|  0%| F|  |TAMS 0x000000008fa00000, 0x000000008fa00000| Untracked 
| 143|0x000000008fb00000, 0x000000008fb00000, 0x000000008fc00000|  0%| F|  |TAMS 0x000000008fb00000, 0x000000008fb00000| Untracked 
| 144|0x000000008fc00000, 0x000000008fc00000, 0x000000008fd00000|  0%| F|  |TAMS 0x000000008fc00000, 0x000000008fc00000| Untracked 
| 145|0x000000008fd00000, 0x000000008fd00000, 0x000000008fe00000|  0%| F|  |TAMS 0x000000008fd00000, 0x000000008fd00000| Untracked 
| 146|0x000000008fe00000, 0x000000008fe00000, 0x000000008ff00000|  0%| F|  |TAMS 0x000000008fe00000, 0x000000008fe00000| Untracked 
| 147|0x000000008ff00000, 0x000000008ff00000, 0x0000000090000000|  0%| F|  |TAMS 0x000000008ff00000, 0x000000008ff00000| Untracked 
| 148|0x0000000090000000, 0x0000000090000000, 0x0000000090100000|  0%| F|  |TAMS 0x0000000090000000, 0x0000000090000000| Untracked 
| 149|0x0000000090100000, 0x0000000090100000, 0x0000000090200000|  0%| F|  |TAMS 0x0000000090100000, 0x0000000090100000| Untracked 
| 150|0x0000000090200000, 0x0000000090200000, 0x0000000090300000|  0%| F|  |TAMS 0x0000000090200000, 0x0000000090200000| Untracked 
| 151|0x0000000090300000, 0x0000000090300000, 0x0000000090400000|  0%| F|  |TAMS 0x0000000090300000, 0x0000000090300000| Untracked 
| 152|0x0000000090400000, 0x0000000090480800, 0x0000000090500000| 50%| E|  |TAMS 0x0000000090400000, 0x0000000090400000| Complete 
| 153|0x0000000090500000, 0x0000000090600000, 0x0000000090600000|100%| E|CS|TAMS 0x0000000090500000, 0x0000000090500000| Complete 
| 154|0x0000000090600000, 0x0000000090700000, 0x0000000090700000|100%| E|CS|TAMS 0x0000000090600000, 0x0000000090600000| Complete 
| 155|0x0000000090700000, 0x0000000090800000, 0x0000000090800000|100%| E|CS|TAMS 0x0000000090700000, 0x0000000090700000| Complete 
| 156|0x0000000090800000, 0x0000000090900000, 0x0000000090900000|100%| E|CS|TAMS 0x0000000090800000, 0x0000000090800000| Complete 
| 157|0x0000000090900000, 0x0000000090a00000, 0x0000000090a00000|100%| E|CS|TAMS 0x0000000090900000, 0x0000000090900000| Complete 
| 158|0x0000000090a00000, 0x0000000090b00000, 0x0000000090b00000|100%| E|CS|TAMS 0x0000000090a00000, 0x0000000090a00000| Complete 
| 159|0x0000000090b00000, 0x0000000090c00000, 0x0000000090c00000|100%| E|CS|TAMS 0x0000000090b00000, 0x0000000090b00000| Complete 
| 160|0x0000000090c00000, 0x0000000090d00000, 0x0000000090d00000|100%| E|CS|TAMS 0x0000000090c00000, 0x0000000090c00000| Complete 
| 161|0x0000000090d00000, 0x0000000090e00000, 0x0000000090e00000|100%| E|CS|TAMS 0x0000000090d00000, 0x0000000090d00000| Complete 
| 162|0x0000000090e00000, 0x0000000090f00000, 0x0000000090f00000|100%| E|CS|TAMS 0x0000000090e00000, 0x0000000090e00000| Complete 
| 163|0x0000000090f00000, 0x0000000091000000, 0x0000000091000000|100%| E|CS|TAMS 0x0000000090f00000, 0x0000000090f00000| Complete 
| 164|0x0000000091000000, 0x0000000091100000, 0x0000000091100000|100%| E|CS|TAMS 0x0000000091000000, 0x0000000091000000| Complete 
| 165|0x0000000091100000, 0x0000000091200000, 0x0000000091200000|100%| E|CS|TAMS 0x0000000091100000, 0x0000000091100000| Complete 
|1938|0x00000000ffe00000, 0x00000000ffe47000, 0x00000000fff00000| 27%|OA|  |TAMS 0x00000000ffe47000, 0x00000000ffe00000| Untracked 
|1939|0x00000000fff00000, 0x00000000fff6b000, 0x0000000100000000| 41%|CA|  |TAMS 0x00000000fff6b000, 0x00000000fff00000| Untracked 

Card table byte_map: [0x00007fe545d36000,0x00007fe546100000] _byte_map_base: 0x00007fe545900000

Marking Bits (Prev, Next): (CMBitMap*) 0x00007fe5400593d0, (CMBitMap*) 0x00007fe540059398
 Prev Bits: [0x00007fe520360000, 0x00007fe5221b0000)
 Next Bits: [0x00007fe5221b0000, 0x00007fe524000000)

Polling page: 0x00007fe548555000

Metaspace:

Usage:
  Non-class:     17.88 MB capacity,    17.29 MB ( 97%) used,   496.15 KB (  3%) free+waste,   104.81 KB ( <1%) overhead. 
      Class:      3.10 MB capacity,     2.69 MB ( 87%) used,   365.76 KB ( 12%) free+waste,    55.31 KB (  2%) overhead. 
       Both:     20.98 MB capacity,    19.98 MB ( 95%) used,   861.91 KB (  4%) free+waste,   160.12 KB ( <1%) overhead. 

Virtual space:
  Non-class space:       18.00 MB reserved,      17.92 MB (>99%) committed 
      Class space:        1.00 GB reserved,       3.12 MB ( <1%) committed 
             Both:        1.02 GB reserved,      21.05 MB (  2%) committed 

Chunk freelists:
   Non-Class:  0 bytes
       Class:  28.00 KB
        Both:  28.00 KB

MaxMetaspaceSize: unlimited
CompressedClassSpaceSize: 1.00 GB

CodeHeap 'non-profiled nmethods': size=238948Kb used=4532Kb max_used=4532Kb free=234415Kb
 bounds [0x00007fe528f38000, 0x00007fe5293a8000, 0x00007fe537891000]
CodeHeap 'non-nmethods': size=6812Kb used=1148Kb max_used=1148Kb free=5663Kb
 bounds [0x00007fe528891000, 0x00007fe528b01000, 0x00007fe528f38000]
 total_blobs=3549 nmethods=3051 adapters=425
 compilation: enabled
              stopped_count=0, restarted_count=0
 full_count=0

Compilation events (20 events):
Event: 4.682 Thread 0x00007fe540182800 nmethod 3042 0x00007fe52939ec10 code [0x00007fe52939eea0, 0x00007fe52939f600]
Event: 4.682 Thread 0x00007fe540182800 3046       1       org.springframework.core.type.classreading.SimpleMethodMetadataReadingVisitor$$Lambda$357/0x000000084025e840::get (8 bytes)
Event: 4.682 Thread 0x00007fe540182800 nmethod 3046 0x00007fe52939f990 code [0x00007fe52939fb40, 0x00007fe52939fc40]
Event: 4.682 Thread 0x00007fe540182800 3047       1       org.springframework.core.type.classreading.SimpleMethodMetadataReadingVisitor::getSource (36 bytes)
Event: 4.682 Thread 0x00007fe540182800 nmethod 3047 0x00007fe52939fd10 code [0x00007fe52939fec0, 0x00007fe5293a0190]
Event: 4.682 Thread 0x00007fe540182800 3048       1       org.springframework.core.type.classreading.SimpleMethodMetadataReadingVisitor$$Lambda$358/0x000000084025ec40::accept (14 bytes)
Event: 4.682 Thread 0x00007fe540182800 nmethod 3048 0x00007fe5293a0210 code [0x00007fe5293a03c0, 0x00007fe5293a0520]
Event: 4.682 Thread 0x00007fe540182800 3045       1       org.springframework.boot.autoconfigure.condition.ConditionEvaluationReport$ConditionAndOutcome::hashCode (22 bytes)
Event: 4.683 Thread 0x00007fe540182800 nmethod 3045 0x00007fe5293a0610 code [0x00007fe5293a07e0, 0x00007fe5293a0950]
Event: 4.683 Thread 0x00007fe540182800 3043       1       org.springframework.boot.autoconfigure.condition.ConditionEvaluationReport$ConditionAndOutcomes::add (20 bytes)
Event: 4.683 Thread 0x00007fe540182800 nmethod 3043 0x00007fe5293a0a90 code [0x00007fe5293a0c40, 0x00007fe5293a0e60]
Event: 4.683 Thread 0x00007fe540182800 3044       1       org.springframework.boot.autoconfigure.condition.ConditionEvaluationReport$ConditionAndOutcome::<init> (15 bytes)
Event: 4.683 Thread 0x00007fe540182800 nmethod 3044 0x00007fe5293a0f10 code [0x00007fe5293a10c0, 0x00007fe5293a1230]
Event: 4.683 Thread 0x00007fe540182800 3049   !   1       sun.reflect.annotation.AnnotationParser::parseEnumValue (152 bytes)
Event: 4.684 Thread 0x00007fe540182800 nmethod 3049 0x00007fe5293a1290 code [0x00007fe5293a15a0, 0x00007fe5293a1f90]
Event: 4.684 Thread 0x00007fe540182800 3050       1       org.springframework.core.annotation.TypeMappedAnnotations::get (52 bytes)
Event: 4.685 Thread 0x00007fe540182800 nmethod 3050 0x00007fe5293a2610 code [0x00007fe5293a27e0, 0x00007fe5293a2a60]
Event: 4.685 Thread 0x00007fe540182800 3051       1       org.springframework.core.annotation.AnnotationTypeMapping$MirrorSets$MirrorSet::resolve (258 bytes)
Event: 4.687 Thread 0x00007fe540182800 nmethod 3051 0x00007fe5293a2b90 code [0x00007fe5293a2ee0, 0x00007fe5293a4060]
Event: 4.687 Thread 0x00007fe540182800 3052       1       jdk.internal.reflect.ClassFileAssembler::append (30 bytes)

GC Heap History (12 events):
Event: 0.823 GC heap before
{Heap before GC invocations=0 (full 0):
 garbage-first heap   total 126976K, used 15048K [0x0000000086c00000, 0x0000000100000000)
  region size 1024K, 14 young (14336K), 0 survivors (0K)
 Metaspace       used 2693K, capacity 4802K, committed 4864K, reserved 1056768K
  class space    used 348K, capacity 499K, committed 512K, reserved 1048576K
}
Event: 0.855 GC heap after
{Heap after GC invocations=1 (full 0):
 garbage-first heap   total 126976K, used 6649K [0x0000000086c00000, 0x0000000100000000)
  region size 1024K, 2 young (2048K), 2 survivors (2048K)
 Metaspace       used 2693K, capacity 4802K, committed 4864K, reserved 1056768K
  class space    used 348K, capacity 499K, committed 512K, reserved 1048576K
}
Event: 1.233 GC heap before
{Heap before GC invocations=1 (full 0):
 garbage-first heap   total 126976K, used 16889K [0x0000000086c00000, 0x0000000100000000)
  region size 1024K, 12 young (12288K), 2 survivors (2048K)
 Metaspace       used 6373K, capacity 6710K, committed 6912K, reserved 1056768K
  class space    used 788K, capacity 918K, committed 1024K, reserved 1048576K
}
Event: 1.254 GC heap after
{Heap after GC invocations=2 (full 0):
 garbage-first heap   total 126976K, used 8515K [0x0000000086c00000, 0x0000000100000000)
  region size 1024K, 2 young (2048K), 2 survivors (2048K)
 Metaspace       used 6373K, capacity 6710K, committed 6912K, reserved 1056768K
  class space    used 788K, capacity 918K, committed 1024K, reserved 1048576K
}
Event: 1.500 GC heap before
{Heap before GC invocations=2 (full 0):
 garbage-first heap   total 126976K, used 32067K [0x0000000086c00000, 0x0000000100000000)
  region size 1024K, 26 young (26624K), 2 survivors (2048K)
 Metaspace       used 7972K, capacity 8392K, committed 8704K, reserved 1056768K
  class space    used 1008K, capacity 1200K, committed 1280K, reserved 1048576K
}
Event: 1.508 GC heap after
{Heap after GC invocations=3 (full 0):
 garbage-first heap   total 126976K, used 9222K [0x0000000086c00000, 0x0000000100000000)
  region size 1024K, 3 young (3072K), 3 survivors (3072K)
 Metaspace       used 7972K, capacity 8392K, committed 8704K, reserved 1056768K
  class space    used 1008K, capacity 1200K, committed 1280K, reserved 1048576K
}
Event: 1.559 GC heap before
{Heap before GC invocations=3 (full 0):
 garbage-first heap   total 126976K, used 44038K [0x0000000086c00000, 0x0000000100000000)
  region size 1024K, 38 young (38912K), 3 survivors (3072K)
 Metaspace       used 7976K, capacity 8392K, committed 8704K, reserved 1056768K
  class space    used 1008K, capacity 1200K, committed 1280K, reserved 1048576K
}
Event: 1.566 GC heap after
{Heap after GC invocations=4 (full 0):
 garbage-first heap   total 126976K, used 9234K [0x0000000086c00000, 0x0000000100000000)
  region size 1024K, 3 young (3072K), 3 survivors (3072K)
 Metaspace       used 7976K, capacity 8392K, committed 8704K, reserved 1056768K
  class space    used 1008K, capacity 1200K, committed 1280K, reserved 1048576K
}
Event: 3.169 GC heap before
{Heap before GC invocations=4 (full 0):
 garbage-first heap   total 126976K, used 71698K [0x0000000086c00000, 0x0000000100000000)
  region size 1024K, 64 young (65536K), 3 survivors (3072K)
 Metaspace       used 15936K, capacity 16798K, committed 17152K, reserved 1064960K
  class space    used 2127K, capacity 2448K, committed 2560K, reserved 1048576K
}
Event: 3.217 GC heap after
{Heap after GC invocations=5 (full 0):
 garbage-first heap   total 172032K, used 11411K [0x0000000086c00000, 0x0000000100000000)
  region size 1024K, 5 young (5120K), 5 survivors (5120K)
 Metaspace       used 15936K, capacity 16798K, committed 17152K, reserved 1064960K
  class space    used 2127K, capacity 2448K, committed 2560K, reserved 1048576K
}
Event: 4.512 GC heap before
{Heap before GC invocations=5 (full 0):
 garbage-first heap   total 172032K, used 101523K [0x0000000086c00000, 0x0000000100000000)
  region size 1024K, 95 young (97280K), 5 survivors (5120K)
 Metaspace       used 20126K, capacity 21078K, committed 21296K, reserved 1067008K
  class space    used 2692K, capacity 3085K, committed 3200K, reserved 1048576K
}
Event: 4.528 GC heap after
{Heap after GC invocations=6 (full 0):
 garbage-first heap   total 172032K, used 13944K [0x0000000086c00000, 0x0000000100000000)
  region size 1024K, 7 young (7168K), 7 survivors (7168K)
 Metaspace       used 20126K, capacity 21078K, committed 21296K, reserved 1067008K
  class space    used 2692K, capacity 3085K, committed 3200K, reserved 1048576K
}

Deoptimization events (4 events):
Event: 3.920 Thread 0x00007fe4c8007800 DEOPT PACKING pc=0x00007fe5291922a4 sp=0x00007fe52035d8d0
Event: 3.920 Thread 0x00007fe4c8007800 DEOPT UNPACKING pc=0x00007fe5288b6dab sp=0x00007fe52035cdb8 mode 0
Event: 3.979 Thread 0x00007fe4c8007800 DEOPT PACKING pc=0x00007fe52908493c sp=0x00007fe52035bf60
Event: 3.979 Thread 0x00007fe4c8007800 DEOPT UNPACKING pc=0x00007fe5288b6dab sp=0x00007fe52035b498 mode 0

Classes redefined (0 events):
No events

Internal exceptions (20 events):
Event: 2.995 Thread 0x00007fe4c8007800 Exception <a 'java/lang/ClassNotFoundException'{0x000000008b0d5bb8}: org/springframework/beans/factory/AwareCustomizer> (0x000000008b0d5bb8) thrown at [src/hotspot/share/classfile/systemDictionary.cpp, line 231]
Event: 2.996 Thread 0x00007fe4c8007800 Exception <a 'java/lang/ClassNotFoundException'{0x000000008afea4f0}: org/springframework/beans/factory/BeanClassLoaderAwareCustomizer> (0x000000008afea4f0) thrown at [src/hotspot/share/classfile/systemDictionary.cpp, line 231]
Event: 2.997 Thread 0x00007fe4c8007800 Exception <a 'java/lang/ClassNotFoundException'{0x000000008affcd18}: org/springframework/beans/factory/AwareCustomizer> (0x000000008affcd18) thrown at [src/hotspot/share/classfile/systemDictionary.cpp, line 231]
Event: 2.998 Thread 0x00007fe4c8007800 Exception <a 'java/lang/ClassNotFoundException'{0x000000008ae0f468}: org/springframework/context/EnvironmentAwareCustomizer> (0x000000008ae0f468) thrown at [src/hotspot/share/classfile/systemDictionary.cpp, line 231]
Event: 3.001 Thread 0x00007fe4c8007800 Exception <a 'java/lang/ClassNotFoundException'{0x000000008ae21c08}: org/springframework/beans/factory/AwareCustomizer> (0x000000008ae21c08) thrown at [src/hotspot/share/classfile/systemDictionary.cpp, line 231]
Event: 3.097 Thread 0x00007fe4cc12e800 Exception <a 'java/lang/NoSuchMethodError'{0x000000008a821c78}: 'long java.lang.invoke.DirectMethodHandle$Holder.invokeSpecial(java.lang.Object, java.lang.Object)'> (0x000000008a821c78) thrown at [src/hotspot/share/interpreter/linkResolver.cpp, line 772]
Event: 3.104 Thread 0x00007fe4cc12e800 Exception <a 'java/lang/NoSuchMethodError'{0x000000008a852540}: 'long java.lang.invoke.DirectMethodHandle$Holder.invokeStatic(java.lang.Object, java.lang.Object)'> (0x000000008a852540) thrown at [src/hotspot/share/interpreter/linkResolver.cpp, line 772]
Event: 3.104 Thread 0x00007fe4cc12e800 Exception <a 'java/lang/NoSuchMethodError'{0x000000008a855368}: 'long java.lang.invoke.DirectMethodHandle$Holder.invokeStaticInit(java.lang.Object, java.lang.Object)'> (0x000000008a855368) thrown at [src/hotspot/share/interpreter/linkResolver.cpp, line 772]
Event: 3.109 Thread 0x00007fe4cc12e800 Exception <a 'java/lang/NoSuchMethodError'{0x000000008a717090}: 'long java.lang.invoke.DirectMethodHandle$Holder.invokeInterface(java.lang.Object, java.lang.Object)'> (0x000000008a717090) thrown at [src/hotspot/share/interpreter/linkResolver.cpp, line 772]
Event: 3.109 Thread 0x00007fe4cc12e800 Exception <a 'java/lang/IncompatibleClassChangeError'{0x000000008a719e28}: Found class java.lang.Object, but interface was expected> (0x000000008a719e28) thrown at [src/hotspot/share/interpreter/linkResolver.cpp, line 839]
Event: 3.147 Thread 0x00007fe4cc12e800 Exception <a 'java/lang/NoSuchMethodError'{0x000000008a638880}: 'java.lang.Object java.lang.invoke.DirectMethodHandle$Holder.invokeVirtual(java.lang.Object, java.lang.Object, java.lang.Object, java.lang.Object)'> (0x000000008a638880) thrown at [src/hotspot/share/interpreter/linkResolver.cpp, line 772]
Event: 3.288 Thread 0x00007fe4c8007800 Exception <a 'java/lang/NoSuchMethodError'{0x0000000090f1a010}: 'void java.lang.invoke.DirectMethodHandle$Holder.invokeInterface(java.lang.Object, java.lang.Object, java.lang.Object, java.lang.Object)'> (0x0000000090f1a010) thrown at [src/hotspot/share/interpreter/linkResolver.cpp, line 772]
Event: 3.485 Thread 0x00007fe4e4001800 Exception <a 'java/lang/reflect/InvocationTargetException'{0x0000000090b89a28}> (0x0000000090b89a28) thrown at [src/hotspot/share/runtime/reflection.cpp, line 1245]
Event: 3.545 Thread 0x00007fe4c8007800 Exception <a 'java/lang/NoSuchMethodError'{0x000000009097a6c8}: 'void java.lang.invoke.DirectMethodHandle$Holder.invokeSpecial(java.lang.Object, java.lang.Object, java.lang.Object, java.lang.Object, java.lang.Object, java.lang.Object)'> (0x000000009097a6c8) thrown at [src/hotspot/share/interpreter/linkResolver.cpp, line 772]
Event: 3.891 Thread 0x00007fe4c8007800 Exception <a 'java/lang/ClassNotFoundException'{0x000000008ff27018}: java/lang/ObjectCustomizer> (0x000000008ff27018) thrown at [src/hotspot/share/classfile/systemDictionary.cpp, line 231]
Event: 3.893 Thread 0x00007fe4c8007800 Exception <a 'java/lang/ClassNotFoundException'{0x000000008ff3ea18}: org/springframework/cloud/config/client/ConfigClientPropertiesCustomizer> (0x000000008ff3ea18) thrown at [src/hotspot/share/classfile/systemDictionary.cpp, line 231]
Event: 4.009 Thread 0x00007fe4e4001800 Exception <a 'java/lang/reflect/InvocationTargetException'{0x0000000090b96650}> (0x0000000090b96650) thrown at [src/hotspot/share/runtime/reflection.cpp, line 1245]
Event: 4.103 Thread 0x00007fe4c8007800 Exception <a 'java/net/ConnectException'{0x000000008f6e7a90}> (0x000000008f6e7a90) thrown at [src/hotspot/share/prims/jni.cpp, line 615]
Event: 4.372 Thread 0x00007fe4c8007800 Exception <a 'java/lang/IncompatibleClassChangeError'{0x000000008c4baa08}: Found class java.lang.Object, but interface was expected> (0x000000008c4baa08) thrown at [src/hotspot/share/interpreter/linkResolver.cpp, line 839]
Event: 4.538 Thread 0x00007fe4e4001800 Exception <a 'java/lang/reflect/InvocationTargetException'{0x0000000091109188}> (0x0000000091109188) thrown at [src/hotspot/share/runtime/reflection.cpp, line 1245]

Events (20 events):
Event: 4.665 loading class reactor/core/publisher/Flux
Event: 4.665 loading class reactor/core/publisher/Flux done
Event: 4.665 loading class org/springframework/web/reactive/HandlerResult
Event: 4.665 loading class org/springframework/web/reactive/HandlerResult done
Event: 4.667 loading class org/springframework/boot/actuate/autoconfigure/info/ConditionalOnEnabledInfoContributor
Event: 4.667 loading class org/springframework/boot/actuate/autoconfigure/info/ConditionalOnEnabledInfoContributor done
Event: 4.668 loading class org/springframework/boot/actuate/autoconfigure/info/OnEnabledInfoContributorCondition
Event: 4.668 loading class org/springframework/boot/actuate/autoconfigure/info/OnEnabledInfoContributorCondition done
Event: 4.669 loading class org/springframework/boot/actuate/info/InfoEndpoint
Event: 4.669 loading class org/springframework/boot/actuate/info/InfoEndpoint done
Event: 4.671 loading class org/springframework/boot/autoconfigure/condition/ConditionalOnCloudPlatform
Event: 4.671 loading class org/springframework/boot/autoconfigure/condition/ConditionalOnCloudPlatform done
Event: 4.672 loading class org/springframework/boot/autoconfigure/condition/OnCloudPlatformCondition
Event: 4.672 loading class org/springframework/boot/autoconfigure/condition/OnCloudPlatformCondition done
Event: 4.674 loading class org/springframework/boot/actuate/autoconfigure/condition/ConditionsReportEndpoint
Event: 4.674 loading class org/springframework/boot/actuate/autoconfigure/condition/ConditionsReportEndpoint done
Event: 4.675 loading class org/springframework/boot/actuate/context/ShutdownEndpoint
Event: 4.675 loading class org/springframework/boot/actuate/context/ShutdownEndpoint done
Event: 4.676 loading class org/springframework/boot/actuate/context/properties/ConfigurationPropertiesReportEndpoint
Event: 4.676 loading class org/springframework/boot/actuate/context/properties/ConfigurationPropertiesReportEndpoint done


Dynamic libraries:
86c00000-91200000 rw-p 00000000 00:00 0 
91200000-ffe00000 ---p 00000000 00:00 0 
ffe00000-ffe47000 rw-p 01111000 08:05 3933272                            /usr/lib/jvm/java-11-openjdk-amd64/lib/server/classes.jsa
ffe47000-fff00000 rw-p 00000000 00:00 0 
fff00000-fff6b000 rw-p 010a6000 08:05 3933272                            /usr/lib/jvm/java-11-openjdk-amd64/lib/server/classes.jsa
fff6b000-100000000 rw-p 00000000 00:00 0 
800000000-800002000 rwxp 00001000 08:05 3933272                          /usr/lib/jvm/java-11-openjdk-amd64/lib/server/classes.jsa
800002000-8003b9000 rw-p 00003000 08:05 3933272                          /usr/lib/jvm/java-11-openjdk-amd64/lib/server/classes.jsa
8003b9000-800a96000 r--p 003ba000 08:05 3933272                          /usr/lib/jvm/java-11-openjdk-amd64/lib/server/classes.jsa
800a96000-800a97000 rw-p 00a97000 08:05 3933272                          /usr/lib/jvm/java-11-openjdk-amd64/lib/server/classes.jsa
800a97000-8010a5000 r--p 00a98000 08:05 3933272                          /usr/lib/jvm/java-11-openjdk-amd64/lib/server/classes.jsa
840000000-840320000 rw-p 00000000 00:00 0 
840320000-880000000 ---p 00000000 00:00 0 
55bfd0f0d000-55bfd0f0e000 r--p 00000000 08:05 3801564                    /usr/lib/jvm/java-11-openjdk-amd64/bin/java
55bfd0f0e000-55bfd0f0f000 r-xp 00001000 08:05 3801564                    /usr/lib/jvm/java-11-openjdk-amd64/bin/java
55bfd0f0f000-55bfd0f10000 r--p 00002000 08:05 3801564                    /usr/lib/jvm/java-11-openjdk-amd64/bin/java
55bfd0f10000-55bfd0f11000 r--p 00002000 08:05 3801564                    /usr/lib/jvm/java-11-openjdk-amd64/bin/java
55bfd0f11000-55bfd0f12000 rw-p 00003000 08:05 3801564                    /usr/lib/jvm/java-11-openjdk-amd64/bin/java
55bfd1fcc000-55bfd1fed000 rw-p 00000000 00:00 0                          [heap]
7fe4b8000000-7fe4b8074000 rw-p 00000000 00:00 0 
7fe4b8074000-7fe4bc000000 ---p 00000000 00:00 0 
7fe4c0000000-7fe4c0149000 rw-p 00000000 00:00 0 
7fe4c0149000-7fe4c4000000 ---p 00000000 00:00 0 
7fe4c4000000-7fe4c4021000 rw-p 00000000 00:00 0 
7fe4c4021000-7fe4c8000000 ---p 00000000 00:00 0 
7fe4c8000000-7fe4c8021000 rw-p 00000000 00:00 0 
7fe4c8021000-7fe4cc000000 ---p 00000000 00:00 0 
7fe4cc000000-7fe4cc45b000 rw-p 00000000 00:00 0 
7fe4cc45b000-7fe4d0000000 ---p 00000000 00:00 0 
7fe4d0000000-7fe4d0058000 rw-p 00000000 00:00 0 
7fe4d0058000-7fe4d4000000 ---p 00000000 00:00 0 
7fe4d4000000-7fe4d4021000 rw-p 00000000 00:00 0 
7fe4d4021000-7fe4d8000000 ---p 00000000 00:00 0 
7fe4d8000000-7fe4d8021000 rw-p 00000000 00:00 0 
7fe4d8021000-7fe4dc000000 ---p 00000000 00:00 0 
7fe4dc000000-7fe4dc026000 rw-p 00000000 00:00 0 
7fe4dc026000-7fe4e0000000 ---p 00000000 00:00 0 
7fe4e0000000-7fe4e0021000 rw-p 00000000 00:00 0 
7fe4e0021000-7fe4e4000000 ---p 00000000 00:00 0 
7fe4e4000000-7fe4e4021000 rw-p 00000000 00:00 0 
7fe4e4021000-7fe4e8000000 ---p 00000000 00:00 0 
7fe4e8000000-7fe4e8021000 rw-p 00000000 00:00 0 
7fe4e8021000-7fe4ec000000 ---p 00000000 00:00 0 
7fe4ec000000-7fe4ec021000 rw-p 00000000 00:00 0 
7fe4ec021000-7fe4f0000000 ---p 00000000 00:00 0 
7fe4f0000000-7fe4f0334000 rw-p 00000000 00:00 0 
7fe4f0334000-7fe4f4000000 ---p 00000000 00:00 0 
7fe4f4000000-7fe4f4021000 rw-p 00000000 00:00 0 
7fe4f4021000-7fe4f8000000 ---p 00000000 00:00 0 
7fe4f8000000-7fe4f8021000 rw-p 00000000 00:00 0 
7fe4f8021000-7fe4fc000000 ---p 00000000 00:00 0 
7fe4fc000000-7fe4fc021000 rw-p 00000000 00:00 0 
7fe4fc021000-7fe500000000 ---p 00000000 00:00 0 
7fe500000000-7fe500021000 rw-p 00000000 00:00 0 
7fe500021000-7fe504000000 ---p 00000000 00:00 0 
7fe504000000-7fe504021000 rw-p 00000000 00:00 0 
7fe504021000-7fe508000000 ---p 00000000 00:00 0 
7fe508000000-7fe508021000 rw-p 00000000 00:00 0 
7fe508021000-7fe50c000000 ---p 00000000 00:00 0 
7fe50c000000-7fe50c059000 rw-p 00000000 00:00 0 
7fe50c059000-7fe510000000 ---p 00000000 00:00 0 
7fe510000000-7fe510021000 rw-p 00000000 00:00 0 
7fe510021000-7fe514000000 ---p 00000000 00:00 0 
7fe514000000-7fe514021000 rw-p 00000000 00:00 0 
7fe514021000-7fe518000000 ---p 00000000 00:00 0 
7fe518910000-7fe518afc000 rw-p 00000000 00:00 0 
7fe518afc000-7fe518b10000 ---p 00000000 00:00 0 
7fe518b10000-7fe518b11000 ---p 00000000 00:00 0 
7fe518b11000-7fe518c12000 rw-p 00000000 00:00 0 
7fe518c12000-7fe518c13000 ---p 00000000 00:00 0 
7fe518c13000-7fe518f14000 rw-p 00000000 00:00 0 
7fe518f14000-7fe518f18000 ---p 00000000 00:00 0 
7fe518f18000-7fe519215000 rw-p 00000000 00:00 0 
7fe519215000-7fe519415000 rw-p 00000000 00:00 0 
7fe519415000-7fe519419000 ---p 00000000 00:00 0 
7fe519419000-7fe519516000 rw-p 00000000 00:00 0 
7fe519516000-7fe51a000000 r--p 00000000 08:05 3802473                    /usr/lib/locale/locale-archive
7fe51a000000-7fe51c000000 rw-p 00000000 00:00 0 
7fe51c000000-7fe51c021000 rw-p 00000000 00:00 0 
7fe51c021000-7fe520000000 ---p 00000000 00:00 0 
7fe52005f000-7fe52025f000 rw-p 00000000 00:00 0 
7fe52025f000-7fe520263000 ---p 00000000 00:00 0 
7fe520263000-7fe5205f8000 rw-p 00000000 00:00 0 
7fe5205f8000-7fe5221a8000 ---p 00000000 00:00 0 
7fe5221a8000-7fe522448000 rw-p 00000000 00:00 0 
7fe522448000-7fe523ff8000 ---p 00000000 00:00 0 
7fe523ff8000-7fe524000000 rw-p 00000000 00:00 0 
7fe524000000-7fe524021000 rw-p 00000000 00:00 0 
7fe524021000-7fe528000000 ---p 00000000 00:00 0 
7fe52803d000-7fe52803f000 r--p 00000000 08:05 3027163                    /lib/x86_64-linux-gnu/libnss_dns-2.31.so
7fe52803f000-7fe528043000 r-xp 00002000 08:05 3027163                    /lib/x86_64-linux-gnu/libnss_dns-2.31.so
7fe528043000-7fe528044000 r--p 00006000 08:05 3027163                    /lib/x86_64-linux-gnu/libnss_dns-2.31.so
7fe528044000-7fe528045000 r--p 00006000 08:05 3027163                    /lib/x86_64-linux-gnu/libnss_dns-2.31.so
7fe528045000-7fe528046000 rw-p 00007000 08:05 3027163                    /lib/x86_64-linux-gnu/libnss_dns-2.31.so
7fe528046000-7fe52804a000 r--p 00000000 08:05 3027170                    /lib/x86_64-linux-gnu/libresolv-2.31.so
7fe52804a000-7fe52805a000 r-xp 00004000 08:05 3027170                    /lib/x86_64-linux-gnu/libresolv-2.31.so
7fe52805a000-7fe52805d000 r--p 00014000 08:05 3027170                    /lib/x86_64-linux-gnu/libresolv-2.31.so
7fe52805d000-7fe52805e000 ---p 00017000 08:05 3027170                    /lib/x86_64-linux-gnu/libresolv-2.31.so
7fe52805e000-7fe52805f000 r--p 00017000 08:05 3027170                    /lib/x86_64-linux-gnu/libresolv-2.31.so
7fe52805f000-7fe528060000 rw-p 00018000 08:05 3027170                    /lib/x86_64-linux-gnu/libresolv-2.31.so
7fe528060000-7fe528062000 rw-p 00000000 00:00 0 
7fe528062000-7fe528063000 r--p 00000000 08:05 3031541                    /lib/x86_64-linux-gnu/libnss_mdns4_minimal.so.2
7fe528063000-7fe528065000 r-xp 00001000 08:05 3031541                    /lib/x86_64-linux-gnu/libnss_mdns4_minimal.so.2
7fe528065000-7fe528066000 r--p 00003000 08:05 3031541                    /lib/x86_64-linux-gnu/libnss_mdns4_minimal.so.2
7fe528066000-7fe528067000 r--p 00003000 08:05 3031541                    /lib/x86_64-linux-gnu/libnss_mdns4_minimal.so.2
7fe528067000-7fe528068000 rw-p 00004000 08:05 3031541                    /lib/x86_64-linux-gnu/libnss_mdns4_minimal.so.2
7fe52807e000-7fe528082000 ---p 00000000 00:00 0 
7fe528082000-7fe52817f000 rw-p 00000000 00:00 0 
7fe52817f000-7fe528183000 ---p 00000000 00:00 0 
7fe528183000-7fe528280000 rw-p 00000000 00:00 0 
7fe528280000-7fe528284000 ---p 00000000 00:00 0 
7fe528284000-7fe528381000 rw-p 00000000 00:00 0 
7fe528381000-7fe528385000 ---p 00000000 00:00 0 
7fe528385000-7fe528482000 rw-p 00000000 00:00 0 
7fe528482000-7fe528483000 ---p 00000000 00:00 0 
7fe528483000-7fe528584000 rw-p 00000000 00:00 0 
7fe528584000-7fe528588000 ---p 00000000 00:00 0 
7fe528588000-7fe528685000 rw-p 00000000 00:00 0 
7fe528685000-7fe528686000 ---p 00000000 00:00 0 
7fe528686000-7fe528787000 rw-p 00000000 00:00 0 
7fe528787000-7fe528789000 r--p 00000000 08:05 3811147                    /usr/lib/jvm/java-11-openjdk-amd64/lib/libmanagement_ext.so
7fe528789000-7fe52878c000 r-xp 00002000 08:05 3811147                    /usr/lib/jvm/java-11-openjdk-amd64/lib/libmanagement_ext.so
7fe52878c000-7fe52878d000 r--p 00005000 08:05 3811147                    /usr/lib/jvm/java-11-openjdk-amd64/lib/libmanagement_ext.so
7fe52878d000-7fe52878e000 ---p 00006000 08:05 3811147                    /usr/lib/jvm/java-11-openjdk-amd64/lib/libmanagement_ext.so
7fe52878e000-7fe52878f000 r--p 00006000 08:05 3811147                    /usr/lib/jvm/java-11-openjdk-amd64/lib/libmanagement_ext.so
7fe52878f000-7fe528790000 rw-p 00007000 08:05 3811147                    /usr/lib/jvm/java-11-openjdk-amd64/lib/libmanagement_ext.so
7fe528790000-7fe528794000 ---p 00000000 00:00 0 
7fe528794000-7fe528891000 rw-p 00000000 00:00 0 
7fe528891000-7fe528b01000 rwxp 00000000 00:00 0 
7fe528b01000-7fe528f38000 ---p 00000000 00:00 0 
7fe528f38000-7fe5293a8000 rwxp 00000000 00:00 0 
7fe5293a8000-7fe537891000 ---p 00000000 00:00 0 
7fe537891000-7fe540000000 r--s 00000000 08:05 3811169                    /usr/lib/jvm/java-11-openjdk-amd64/lib/modules
7fe540000000-7fe54084d000 rw-p 00000000 00:00 0 
7fe54084d000-7fe544000000 ---p 00000000 00:00 0 
7fe544001000-7fe544004000 r--p 00000000 08:05 3811145                    /usr/lib/jvm/java-11-openjdk-amd64/lib/libmanagement.so
7fe544004000-7fe544005000 r-xp 00003000 08:05 3811145                    /usr/lib/jvm/java-11-openjdk-amd64/lib/libmanagement.so
7fe544005000-7fe544006000 r--p 00004000 08:05 3811145                    /usr/lib/jvm/java-11-openjdk-amd64/lib/libmanagement.so
7fe544006000-7fe544007000 r--p 00004000 08:05 3811145                    /usr/lib/jvm/java-11-openjdk-amd64/lib/libmanagement.so
7fe544007000-7fe544008000 rw-p 00005000 08:05 3811145                    /usr/lib/jvm/java-11-openjdk-amd64/lib/libmanagement.so
7fe544008000-7fe544009000 r--p 00000000 08:05 3811130                    /usr/lib/jvm/java-11-openjdk-amd64/lib/libextnet.so
7fe544009000-7fe54400a000 r-xp 00001000 08:05 3811130                    /usr/lib/jvm/java-11-openjdk-amd64/lib/libextnet.so
7fe54400a000-7fe54400b000 r--p 00002000 08:05 3811130                    /usr/lib/jvm/java-11-openjdk-amd64/lib/libextnet.so
7fe54400b000-7fe54400c000 r--p 00002000 08:05 3811130                    /usr/lib/jvm/java-11-openjdk-amd64/lib/libextnet.so
7fe54400c000-7fe54400d000 rw-p 00003000 08:05 3811130                    /usr/lib/jvm/java-11-openjdk-amd64/lib/libextnet.so
7fe54400d000-7fe544011000 r--p 00000000 08:05 3811149                    /usr/lib/jvm/java-11-openjdk-amd64/lib/libnet.so
7fe544011000-7fe544020000 r-xp 00004000 08:05 3811149                    /usr/lib/jvm/java-11-openjdk-amd64/lib/libnet.so
7fe544020000-7fe544024000 r--p 00013000 08:05 3811149                    /usr/lib/jvm/java-11-openjdk-amd64/lib/libnet.so
7fe544024000-7fe544025000 r--p 00016000 08:05 3811149                    /usr/lib/jvm/java-11-openjdk-amd64/lib/libnet.so
7fe544025000-7fe544026000 rw-p 00017000 08:05 3811149                    /usr/lib/jvm/java-11-openjdk-amd64/lib/libnet.so
7fe544026000-7fe54402d000 r--p 00000000 08:05 3811150                    /usr/lib/jvm/java-11-openjdk-amd64/lib/libnio.so
7fe54402d000-7fe544035000 r-xp 00007000 08:05 3811150                    /usr/lib/jvm/java-11-openjdk-amd64/lib/libnio.so
7fe544035000-7fe544038000 r--p 0000f000 08:05 3811150                    /usr/lib/jvm/java-11-openjdk-amd64/lib/libnio.so
7fe544038000-7fe544039000 r--p 00011000 08:05 3811150                    /usr/lib/jvm/java-11-openjdk-amd64/lib/libnio.so
7fe544039000-7fe54403a000 rw-p 00012000 08:05 3811150                    /usr/lib/jvm/java-11-openjdk-amd64/lib/libnio.so
7fe54403a000-7fe54403e000 ---p 00000000 00:00 0 
7fe54403e000-7fe54413b000 rw-p 00000000 00:00 0 
7fe54413b000-7fe54413f000 ---p 00000000 00:00 0 
7fe54413f000-7fe54423c000 rw-p 00000000 00:00 0 
7fe54423c000-7fe544240000 ---p 00000000 00:00 0 
7fe544240000-7fe54433d000 rw-p 00000000 00:00 0 
7fe54433d000-7fe544341000 ---p 00000000 00:00 0 
7fe544341000-7fe54443e000 rw-p 00000000 00:00 0 
7fe54443e000-7fe544442000 ---p 00000000 00:00 0 
7fe544442000-7fe54453f000 rw-p 00000000 00:00 0 
7fe54453f000-7fe544543000 ---p 00000000 00:00 0 
7fe544543000-7fe544640000 rw-p 00000000 00:00 0 
7fe544640000-7fe544644000 ---p 00000000 00:00 0 
7fe544644000-7fe544741000 rw-p 00000000 00:00 0 
7fe544741000-7fe544742000 ---p 00000000 00:00 0 
7fe544742000-7fe54511f000 rw-p 00000000 00:00 0 
7fe54511f000-7fe545120000 ---p 00000000 00:00 0 
7fe545120000-7fe545221000 rw-p 00000000 00:00 0 
7fe545221000-7fe545222000 ---p 00000000 00:00 0 
7fe545222000-7fe545727000 rw-p 00000000 00:00 0 
7fe545727000-7fe545728000 ---p 00000000 00:00 0 
7fe545728000-7fe545829000 rw-p 00000000 00:00 0 
7fe545829000-7fe54582a000 ---p 00000000 00:00 0 
7fe54582a000-7fe5459bf000 rw-p 00000000 00:00 0 
7fe5459bf000-7fe545d35000 ---p 00000000 00:00 0 
7fe545d35000-7fe545d89000 rw-p 00000000 00:00 0 
7fe545d89000-7fe5460ff000 ---p 00000000 00:00 0 
7fe5460ff000-7fe546153000 rw-p 00000000 00:00 0 
7fe546153000-7fe5464c9000 ---p 00000000 00:00 0 
7fe5464c9000-7fe5468ce000 rw-p 00000000 00:00 0 
7fe5468ce000-7fe5468cf000 ---p 00000000 00:00 0 
7fe5468cf000-7fe5469d9000 rw-p 00000000 00:00 0 
7fe5469d9000-7fe546ba3000 ---p 00000000 00:00 0 
7fe546ba3000-7fe546ba8000 rw-p 00000000 00:00 0 
7fe546ba8000-7fe546bb1000 ---p 00000000 00:00 0 
7fe546bb1000-7fe546bb4000 r--p 00000000 08:05 3027164                    /lib/x86_64-linux-gnu/libnss_files-2.31.so
7fe546bb4000-7fe546bbb000 r-xp 00003000 08:05 3027164                    /lib/x86_64-linux-gnu/libnss_files-2.31.so
7fe546bbb000-7fe546bbd000 r--p 0000a000 08:05 3027164                    /lib/x86_64-linux-gnu/libnss_files-2.31.so
7fe546bbd000-7fe546bbe000 r--p 0000b000 08:05 3027164                    /lib/x86_64-linux-gnu/libnss_files-2.31.so
7fe546bbe000-7fe546bbf000 rw-p 0000c000 08:05 3027164                    /lib/x86_64-linux-gnu/libnss_files-2.31.so
7fe546bbf000-7fe546bc5000 rw-p 00000000 00:00 0 
7fe546bc9000-7fe546bcb000 r--p 00000000 08:05 3811165                    /usr/lib/jvm/java-11-openjdk-amd64/lib/libzip.so
7fe546bcb000-7fe546bcf000 r-xp 00002000 08:05 3811165                    /usr/lib/jvm/java-11-openjdk-amd64/lib/libzip.so
7fe546bcf000-7fe546bd1000 r--p 00006000 08:05 3811165                    /usr/lib/jvm/java-11-openjdk-amd64/lib/libzip.so
7fe546bd1000-7fe546bd2000 r--p 00007000 08:05 3811165                    /usr/lib/jvm/java-11-openjdk-amd64/lib/libzip.so
7fe546bd2000-7fe546bd3000 rw-p 00008000 08:05 3811165                    /usr/lib/jvm/java-11-openjdk-amd64/lib/libzip.so
7fe546bd3000-7fe546bdb000 rw-s 00000000 08:05 3545173                    /tmp/hsperfdata_root/7445
7fe546bdb000-7fe546bdd000 r--p 00000000 08:05 3811132                    /usr/lib/jvm/java-11-openjdk-amd64/lib/libinstrument.so
7fe546bdd000-7fe546be3000 r-xp 00002000 08:05 3811132                    /usr/lib/jvm/java-11-openjdk-amd64/lib/libinstrument.so
7fe546be3000-7fe546be6000 r--p 00008000 08:05 3811132                    /usr/lib/jvm/java-11-openjdk-amd64/lib/libinstrument.so
7fe546be6000-7fe546be7000 r--p 0000a000 08:05 3811132                    /usr/lib/jvm/java-11-openjdk-amd64/lib/libinstrument.so
7fe546be7000-7fe546be8000 rw-p 0000b000 08:05 3811132                    /usr/lib/jvm/java-11-openjdk-amd64/lib/libinstrument.so
7fe546be8000-7fe546bea000 r--p 00000000 08:05 3811141                    /usr/lib/jvm/java-11-openjdk-amd64/lib/libjimage.so
7fe546bea000-7fe546bed000 r-xp 00002000 08:05 3811141                    /usr/lib/jvm/java-11-openjdk-amd64/lib/libjimage.so
7fe546bed000-7fe546bee000 r--p 00005000 08:05 3811141                    /usr/lib/jvm/java-11-openjdk-amd64/lib/libjimage.so
7fe546bee000-7fe546bef000 ---p 00006000 08:05 3811141                    /usr/lib/jvm/java-11-openjdk-amd64/lib/libjimage.so
7fe546bef000-7fe546bf0000 r--p 00006000 08:05 3811141                    /usr/lib/jvm/java-11-openjdk-amd64/lib/libjimage.so
7fe546bf0000-7fe546bf1000 rw-p 00007000 08:05 3811141                    /usr/lib/jvm/java-11-openjdk-amd64/lib/libjimage.so
7fe546bf1000-7fe546bff000 r--p 00000000 08:05 3811137                    /usr/lib/jvm/java-11-openjdk-amd64/lib/libjava.so
7fe546bff000-7fe546c15000 r-xp 0000e000 08:05 3811137                    /usr/lib/jvm/java-11-openjdk-amd64/lib/libjava.so
7fe546c15000-7fe546c1c000 r--p 00024000 08:05 3811137                    /usr/lib/jvm/java-11-openjdk-amd64/lib/libjava.so
7fe546c1c000-7fe546c1d000 r--p 0002a000 08:05 3811137                    /usr/lib/jvm/java-11-openjdk-amd64/lib/libjava.so
7fe546c1d000-7fe546c1e000 rw-p 0002b000 08:05 3811137                    /usr/lib/jvm/java-11-openjdk-amd64/lib/libjava.so
7fe546c1e000-7fe546c1f000 rw-p 00000000 00:00 0 
7fe546c1f000-7fe546c22000 r--p 00000000 08:05 3027171                    /lib/x86_64-linux-gnu/librt-2.31.so
7fe546c22000-7fe546c26000 r-xp 00003000 08:05 3027171                    /lib/x86_64-linux-gnu/librt-2.31.so
7fe546c26000-7fe546c27000 r--p 00007000 08:05 3027171                    /lib/x86_64-linux-gnu/librt-2.31.so
7fe546c27000-7fe546c28000 ---p 00008000 08:05 3027171                    /lib/x86_64-linux-gnu/librt-2.31.so
7fe546c28000-7fe546c29000 r--p 00008000 08:05 3027171                    /lib/x86_64-linux-gnu/librt-2.31.so
7fe546c29000-7fe546c2a000 rw-p 00009000 08:05 3027171                    /lib/x86_64-linux-gnu/librt-2.31.so
7fe546c2a000-7fe546c2e000 ---p 00000000 00:00 0 
7fe546c2e000-7fe546d2b000 rw-p 00000000 00:00 0 
7fe546d2b000-7fe546d2e000 r--p 00000000 08:05 3023579                    /lib/x86_64-linux-gnu/libgcc_s.so.1
7fe546d2e000-7fe546d40000 r-xp 00003000 08:05 3023579                    /lib/x86_64-linux-gnu/libgcc_s.so.1
7fe546d40000-7fe546d44000 r--p 00015000 08:05 3023579                    /lib/x86_64-linux-gnu/libgcc_s.so.1
7fe546d44000-7fe546d45000 r--p 00018000 08:05 3023579                    /lib/x86_64-linux-gnu/libgcc_s.so.1
7fe546d45000-7fe546d46000 rw-p 00019000 08:05 3023579                    /lib/x86_64-linux-gnu/libgcc_s.so.1
7fe546d46000-7fe546d55000 r--p 00000000 08:05 3027156                    /lib/x86_64-linux-gnu/libm-2.31.so
7fe546d55000-7fe546dfc000 r-xp 0000f000 08:05 3027156                    /lib/x86_64-linux-gnu/libm-2.31.so
7fe546dfc000-7fe546e93000 r--p 000b6000 08:05 3027156                    /lib/x86_64-linux-gnu/libm-2.31.so
7fe546e93000-7fe546e94000 r--p 0014c000 08:05 3027156                    /lib/x86_64-linux-gnu/libm-2.31.so
7fe546e94000-7fe546e95000 rw-p 0014d000 08:05 3027156                    /lib/x86_64-linux-gnu/libm-2.31.so
7fe546e95000-7fe546f2b000 r--p 00000000 08:05 3801891                    /usr/lib/x86_64-linux-gnu/libstdc++.so.6.0.28
7fe546f2b000-7fe54701b000 r-xp 00096000 08:05 3801891                    /usr/lib/x86_64-linux-gnu/libstdc++.so.6.0.28
7fe54701b000-7fe547064000 r--p 00186000 08:05 3801891                    /usr/lib/x86_64-linux-gnu/libstdc++.so.6.0.28
7fe547064000-7fe547065000 ---p 001cf000 08:05 3801891                    /usr/lib/x86_64-linux-gnu/libstdc++.so.6.0.28
7fe547065000-7fe547070000 r--p 001cf000 08:05 3801891                    /usr/lib/x86_64-linux-gnu/libstdc++.so.6.0.28
7fe547070000-7fe547073000 rw-p 001da000 08:05 3801891                    /usr/lib/x86_64-linux-gnu/libstdc++.so.6.0.28
7fe547073000-7fe547076000 rw-p 00000000 00:00 0 
7fe547076000-7fe5472ef000 r--p 00000000 08:05 3933155                    /usr/lib/jvm/java-11-openjdk-amd64/lib/server/libjvm.so
7fe5472ef000-7fe547f70000 r-xp 00279000 08:05 3933155                    /usr/lib/jvm/java-11-openjdk-amd64/lib/server/libjvm.so
7fe547f70000-7fe5481c6000 r--p 00efa000 08:05 3933155                    /usr/lib/jvm/java-11-openjdk-amd64/lib/server/libjvm.so
7fe5481c6000-7fe5481c7000 ---p 01150000 08:05 3933155                    /usr/lib/jvm/java-11-openjdk-amd64/lib/server/libjvm.so
7fe5481c7000-7fe548288000 r--p 01150000 08:05 3933155                    /usr/lib/jvm/java-11-openjdk-amd64/lib/server/libjvm.so
7fe548288000-7fe5482c3000 rw-p 01211000 08:05 3933155                    /usr/lib/jvm/java-11-openjdk-amd64/lib/server/libjvm.so
7fe5482c3000-7fe54831c000 rw-p 00000000 00:00 0 
7fe54831c000-7fe548323000 r--p 00000000 08:05 3027169                    /lib/x86_64-linux-gnu/libpthread-2.31.so
7fe548323000-7fe548334000 r-xp 00007000 08:05 3027169                    /lib/x86_64-linux-gnu/libpthread-2.31.so
7fe548334000-7fe548339000 r--p 00018000 08:05 3027169                    /lib/x86_64-linux-gnu/libpthread-2.31.so
7fe548339000-7fe54833a000 r--p 0001c000 08:05 3027169                    /lib/x86_64-linux-gnu/libpthread-2.31.so
7fe54833a000-7fe54833b000 rw-p 0001d000 08:05 3027169                    /lib/x86_64-linux-gnu/libpthread-2.31.so
7fe54833b000-7fe54833f000 rw-p 00000000 00:00 0 
7fe54833f000-7fe548340000 r--p 00000000 08:05 3016763                    /lib/x86_64-linux-gnu/libdl-2.31.so
7fe548340000-7fe548342000 r-xp 00001000 08:05 3016763                    /lib/x86_64-linux-gnu/libdl-2.31.so
7fe548342000-7fe548343000 r--p 00003000 08:05 3016763                    /lib/x86_64-linux-gnu/libdl-2.31.so
7fe548343000-7fe548344000 r--p 00003000 08:05 3016763                    /lib/x86_64-linux-gnu/libdl-2.31.so
7fe548344000-7fe548345000 rw-p 00004000 08:05 3016763                    /lib/x86_64-linux-gnu/libdl-2.31.so
7fe548345000-7fe548347000 r--p 00000000 08:05 3023857                    /lib/x86_64-linux-gnu/libz.so.1.2.11
7fe548347000-7fe548358000 r-xp 00002000 08:05 3023857                    /lib/x86_64-linux-gnu/libz.so.1.2.11
7fe548358000-7fe54835e000 r--p 00013000 08:05 3023857                    /lib/x86_64-linux-gnu/libz.so.1.2.11
7fe54835e000-7fe54835f000 ---p 00019000 08:05 3023857                    /lib/x86_64-linux-gnu/libz.so.1.2.11
7fe54835f000-7fe548360000 r--p 00019000 08:05 3023857                    /lib/x86_64-linux-gnu/libz.so.1.2.11
7fe548360000-7fe548361000 rw-p 0001a000 08:05 3023857                    /lib/x86_64-linux-gnu/libz.so.1.2.11
7fe548361000-7fe548386000 r--p 00000000 08:05 3015479                    /lib/x86_64-linux-gnu/libc-2.31.so
7fe548386000-7fe5484fe000 r-xp 00025000 08:05 3015479                    /lib/x86_64-linux-gnu/libc-2.31.so
7fe5484fe000-7fe548548000 r--p 0019d000 08:05 3015479                    /lib/x86_64-linux-gnu/libc-2.31.so
7fe548548000-7fe548549000 ---p 001e7000 08:05 3015479                    /lib/x86_64-linux-gnu/libc-2.31.so
7fe548549000-7fe54854c000 r--p 001e7000 08:05 3015479                    /lib/x86_64-linux-gnu/libc-2.31.so
7fe54854c000-7fe54854f000 rw-p 001ea000 08:05 3015479                    /lib/x86_64-linux-gnu/libc-2.31.so
7fe54854f000-7fe548553000 rw-p 00000000 00:00 0 
7fe548553000-7fe548555000 r--s 0000c000 08:05 4196402                    /usr/share/java/java-atk-wrapper.jar
7fe548555000-7fe548556000 ---p 00000000 00:00 0 
7fe548556000-7fe548557000 r--p 00000000 00:00 0 
7fe548557000-7fe54855c000 r--p 00000000 08:05 3811161                    /usr/lib/jvm/java-11-openjdk-amd64/lib/libverify.so
7fe54855c000-7fe548563000 r-xp 00005000 08:05 3811161                    /usr/lib/jvm/java-11-openjdk-amd64/lib/libverify.so
7fe548563000-7fe548565000 r--p 0000c000 08:05 3811161                    /usr/lib/jvm/java-11-openjdk-amd64/lib/libverify.so
7fe548565000-7fe548566000 ---p 0000e000 08:05 3811161                    /usr/lib/jvm/java-11-openjdk-amd64/lib/libverify.so
7fe548566000-7fe548568000 r--p 0000e000 08:05 3811161                    /usr/lib/jvm/java-11-openjdk-amd64/lib/libverify.so
7fe548568000-7fe548569000 rw-p 00010000 08:05 3811161                    /usr/lib/jvm/java-11-openjdk-amd64/lib/libverify.so
7fe548569000-7fe54856c000 r--p 00000000 08:05 3933116                    /usr/lib/jvm/java-11-openjdk-amd64/lib/jli/libjli.so
7fe54856c000-7fe548576000 r-xp 00003000 08:05 3933116                    /usr/lib/jvm/java-11-openjdk-amd64/lib/jli/libjli.so
7fe548576000-7fe548579000 r--p 0000d000 08:05 3933116                    /usr/lib/jvm/java-11-openjdk-amd64/lib/jli/libjli.so
7fe548579000-7fe54857a000 ---p 00010000 08:05 3933116                    /usr/lib/jvm/java-11-openjdk-amd64/lib/jli/libjli.so
7fe54857a000-7fe54857b000 r--p 00010000 08:05 3933116                    /usr/lib/jvm/java-11-openjdk-amd64/lib/jli/libjli.so
7fe54857b000-7fe54857c000 rw-p 00011000 08:05 3933116                    /usr/lib/jvm/java-11-openjdk-amd64/lib/jli/libjli.so
7fe54857c000-7fe54857e000 rw-p 00000000 00:00 0 
7fe54857e000-7fe54857f000 r--p 00000000 08:05 3014925                    /lib/x86_64-linux-gnu/ld-2.31.so
7fe54857f000-7fe5485a2000 r-xp 00001000 08:05 3014925                    /lib/x86_64-linux-gnu/ld-2.31.so
7fe5485a2000-7fe5485aa000 r--p 00024000 08:05 3014925                    /lib/x86_64-linux-gnu/ld-2.31.so
7fe5485ab000-7fe5485ac000 r--p 0002c000 08:05 3014925                    /lib/x86_64-linux-gnu/ld-2.31.so
7fe5485ac000-7fe5485ad000 rw-p 0002d000 08:05 3014925                    /lib/x86_64-linux-gnu/ld-2.31.so
7fe5485ad000-7fe5485ae000 rw-p 00000000 00:00 0 
7fffdc0e6000-7fffdc109000 rw-p 00000000 00:00 0                          [stack]
7fffdc136000-7fffdc139000 r--p 00000000 00:00 0                          [vvar]
7fffdc139000-7fffdc13a000 r-xp 00000000 00:00 0                          [vdso]
ffffffffff600000-ffffffffff601000 --xp 00000000 00:00 0                  [vsyscall]


VM Arguments:
jvm_args: -XX:TieredStopAtLevel=1 -Xverify:none -Dspring.output.ansi.enabled=always -Dcom.sun.management.jmxremote -Dspring.jmx.enabled=true -Dspring.liveBeansView.mbeanDomain -Dspring.application.admin.enabled=true -javaagent:/home/saman/Desktop/ideaIU-2020.2.3/idea-IU-202.7660.26/lib/idea_rt.jar=37549:/home/saman/Desktop/ideaIU-2020.2.3/idea-IU-202.7660.26/bin -Dfile.encoding=UTF-8 
java_command: com.example.currencyechangeservice.CurrencyEchangeServiceApplication
java_class_path (initial): /home/saman/Desktop/simple-microservices/currency-echange-service/target/classes:/root/.m2/repository/org/springframework/boot/spring-boot-starter-actuator/2.4.4/spring-boot-starter-actuator-2.4.4.jar:/root/.m2/repository/org/springframework/boot/spring-boot-starter/2.4.4/spring-boot-starter-2.4.4.jar:/root/.m2/repository/org/springframework/boot/spring-boot-starter-logging/2.4.4/spring-boot-starter-logging-2.4.4.jar:/root/.m2/repository/ch/qos/logback/logback-classic/1.2.3/logback-classic-1.2.3.jar:/root/.m2/repository/ch/qos/logback/logback-core/1.2.3/logback-core-1.2.3.jar:/root/.m2/repository/org/apache/logging/log4j/log4j-to-slf4j/2.13.3/log4j-to-slf4j-2.13.3.jar:/root/.m2/repository/org/apache/logging/log4j/log4j-api/2.13.3/log4j-api-2.13.3.jar:/root/.m2/repository/org/slf4j/jul-to-slf4j/1.7.30/jul-to-slf4j-1.7.30.jar:/root/.m2/repository/jakarta/annotation/jakarta.annotation-api/1.3.5/jakarta.annotation-api-1.3.5.jar:/root/.m2/repository/org/yaml/snakeyaml/1.27/snakeyaml-1.27.jar:/root/.m2/repository/org/springframework/boot/spring-boot-actuator-autoconfigure/2.4.4/spring-boot-actuator-autoconfigure-2.4.4.jar:/root/.m2/repository/org/springframework/boot/spring-boot-actuator/2.4.4/spring-boot-actuator-2.4.4.jar:/root/.m2/repository/com/fasterxml/jackson/datatype/jackson-datatype-jsr310/2.11.4/jackson-datatype-jsr310-2.11.4.jar:/root/.m2/repository/io/micrometer/micrometer-core/1.6.5/micrometer-core-1.6.5.jar:/root/.m2/repository/org/hdrhistogram/HdrHistogram/2.1.12/HdrHistogram-2.1.12.jar:/root/.m2/repository/org/latencyutils/LatencyUtils/2.0.3/LatencyUtils-2.0.3.jar:/root/.m2/repository/org/springframework/boot/spring-boot-starter-web/2.4.4/spring-boot-starter-web-2.4.4.jar:/root/.m2/repository/org/springframework/boot/spring-boot-starter-json/2.4.4/spring-boot-starter-json-2.4.4.jar:/root/.m2/repository/com/fasterxml/jackson/datatype/jackson-datatype-jdk8/2.11.4/jackson-datatype-jdk8-2.11.4.jar:/root/.m2/repository/com/fasterxml
Launcher Type: SUN_STANDARD

[Global flags]
     bool BytecodeVerificationLocal                = false                                     {product} {command line}
     bool BytecodeVerificationRemote               = false                                     {product} {command line}
     intx CICompilerCount                          = 3                                         {product} {ergonomic}
     uint ConcGCThreads                            = 1                                         {product} {ergonomic}
     uint G1ConcRefinementThreads                  = 4                                         {product} {ergonomic}
   size_t G1HeapRegionSize                         = 1048576                                   {product} {ergonomic}
    uintx GCDrainStackTargetSize                   = 64                                        {product} {ergonomic}
   size_t InitialHeapSize                          = 127926272                                 {product} {ergonomic}
     bool ManagementServer                         = true                                      {product} {command line}
   size_t MarkStackSize                            = 4194304                                   {product} {ergonomic}
   size_t MaxHeapSize                              = 2034237440                                {product} {ergonomic}
   size_t MaxNewSize                               = 1220542464                                {product} {ergonomic}
   size_t MinHeapDeltaBytes                        = 1048576                                   {product} {ergonomic}
    uintx NonNMethodCodeHeapSize                   = 6973028                                {pd product} {ergonomic}
    uintx NonProfiledCodeHeapSize                  = 244685212                              {pd product} {ergonomic}
    uintx ProfiledCodeHeapSize                     = 0                                      {pd product} {ergonomic}
    uintx ReservedCodeCacheSize                    = 251658240                              {pd product} {ergonomic}
     bool SegmentedCodeCache                       = true                                      {product} {ergonomic}
     intx TieredStopAtLevel                        = 1                                         {product} {command line}
     bool UseCompressedClassPointers               = true                                 {lp64_product} {ergonomic}
     bool UseCompressedOops                        = true                                 {lp64_product} {ergonomic}
     bool UseG1GC                                  = true                                      {product} {ergonomic}

Logging:
Log output configuration:
 #0: stdout all=warning uptime,level,tags
 #1: stderr all=off uptime,level,tags

Environment Variables:
PATH=/usr/local/sbin:/usr/local/bin:/usr/sbin:/usr/bin:/sbin:/bin:/snap/bin
SHELL=/bin/bash
DISPLAY=:0
LANG=en_US.UTF-8

Signal Handlers:
SIGSEGV: [libjvm.so+0xe85e00], sa_mask[0]=11111111011111111101111111111110, sa_flags=SA_RESTART|SA_SIGINFO
SIGBUS: [libjvm.so+0xe85e00], sa_mask[0]=11111111011111111101111111111110, sa_flags=SA_RESTART|SA_SIGINFO
SIGFPE: [libjvm.so+0xe85e00], sa_mask[0]=11111111011111111101111111111110, sa_flags=SA_RESTART|SA_SIGINFO
SIGPIPE: [libjvm.so+0xbcbc30], sa_mask[0]=11111111011111111101111111111110, sa_flags=SA_RESTART|SA_SIGINFO
SIGXFSZ: [libjvm.so+0xbcbc30], sa_mask[0]=11111111011111111101111111111110, sa_flags=SA_RESTART|SA_SIGINFO
SIGILL: [libjvm.so+0xe85e00], sa_mask[0]=11111111011111111101111111111110, sa_flags=SA_RESTART|SA_SIGINFO
SIGUSR2: [libjvm.so+0xbcbad0], sa_mask[0]=00100000000000000000000000000000, sa_flags=SA_RESTART|SA_SIGINFO
SIGHUP: [libjvm.so+0xbcbf70], sa_mask[0]=11111111011111111101111111111110, sa_flags=SA_RESTART|SA_SIGINFO
SIGINT: [libjvm.so+0xbcbf70], sa_mask[0]=11111111011111111101111111111110, sa_flags=SA_RESTART|SA_SIGINFO
SIGTERM: [libjvm.so+0xbcbf70], sa_mask[0]=11111111011111111101111111111110, sa_flags=SA_RESTART|SA_SIGINFO
SIGQUIT: [libjvm.so+0xbcbf70], sa_mask[0]=11111111011111111101111111111110, sa_flags=SA_RESTART|SA_SIGINFO


---------------  S Y S T E M  ---------------

OS:DISTRIB_ID=Ubuntu
DISTRIB_RELEASE=20.04
DISTRIB_CODENAME=focal
DISTRIB_DESCRIPTION="Ubuntu 20.04.1 LTS"
uname:Linux 5.4.0-66-generic #74-Ubuntu SMP Wed Jan 27 22:54:38 UTC 2021 x86_64
OS uptime: 0 days 0:36 hours
libc:glibc 2.31 NPTL 2.31 
rlimit (soft/hard): STACK 8192k/infinity , CORE 0k/infinity , NPROC 30809/30809 , NOFILE 1048576/1048576 , AS infinity/infinity , CPU infinity/infinity , DATA infinity/infinity , FSIZE infinity/infinity , MEMLOCK 65536k/65536k
load average:2.27 1.66 1.63

/proc/meminfo:
MemTotal:        7944064 kB
MemFree:          129724 kB
MemAvailable:    2088228 kB
Buffers:          258800 kB
Cached:          2056300 kB
SwapCached:          244 kB
Active:          5707208 kB
Inactive:        1656956 kB
Active(anon):    4663124 kB
Inactive(anon):   643764 kB
Active(file):    1044084 kB
Inactive(file):  1013192 kB
Unevictable:       17188 kB
Mlocked:              16 kB
SwapTotal:       2097148 kB
SwapFree:        2093820 kB
Dirty:             13288 kB
Writeback:             0 kB
AnonPages:       5065852 kB
Mapped:           643908 kB
Shmem:            259184 kB
KReclaimable:     206484 kB
Slab:             339380 kB
SReclaimable:     206484 kB
SUnreclaim:       132896 kB
KernelStack:       18400 kB
PageTables:        31628 kB
NFS_Unstable:          0 kB
Bounce:                0 kB
WritebackTmp:          0 kB
CommitLimit:     6069180 kB
Committed_AS:   10338828 kB
VmallocTotal:   34359738367 kB
VmallocUsed:       34384 kB
VmallocChunk:          0 kB
Percpu:             4144 kB
HardwareCorrupted:     0 kB
AnonHugePages:         0 kB
ShmemHugePages:        0 kB
ShmemPmdMapped:        0 kB
FileHugePages:         0 kB
FilePmdMapped:         0 kB
CmaTotal:              0 kB
CmaFree:               0 kB
HugePages_Total:       0
HugePages_Free:        0
HugePages_Rsvd:        0
HugePages_Surp:        0
Hugepagesize:       2048 kB
Hugetlb:               0 kB
DirectMap4k:      299060 kB
DirectMap2M:     7880704 kB

/sys/kernel/mm/transparent_hugepage/enabled:
always [madvise] never
/sys/kernel/mm/transparent_hugepage/defrag (defrag/compaction efforts parameter):
always defer defer+madvise [madvise] never

/proc/sys/kernel/threads-max (system-wide limit on the number of threads):
61618
/proc/sys/vm/max_map_count (maximum number of memory map areas a process may have):
65530
/proc/sys/kernel/pid_max (system-wide limit on number of process identifiers):
4194304

container (cgroup) information:
container_type: cgroupv1
cpu_cpuset_cpus: 0-3
cpu_memory_nodes: 0
active_processor_count: 4
cpu_quota: -1
cpu_period: 100000
cpu_shares: -1
memory_limit_in_bytes: -1
memory_and_swap_limit_in_bytes: -2
memory_soft_limit_in_bytes: -1
memory_usage_in_bytes: 6076698624
memory_max_usage_in_bytes: 6076698624

Steal ticks since vm start: 0
Steal ticks percentage since vm start:  0.000

CPU:total 4 (initial active 4) (2 cores per cpu, 2 threads per core) family 6 model 37 stepping 5 microcode 0x7, cmov, cx8, fxsr, mmx, sse, sse2, sse3, ssse3, sse4.1, sse4.2, popcnt, aes, clmul, ht, tsc, tscinvbit
CPU Model and flags from /proc/cpuinfo:
model name	: Intel(R) Core(TM) i5 CPU       M 520  @ 2.40GHz
flags		: fpu vme de pse tsc msr pae mce cx8 apic sep mtrr pge mca cmov pat pse36 clflush dts acpi mmx fxsr sse sse2 ht tm pbe syscall nx rdtscp lm constant_tsc arch_perfmon pebs bts rep_good nopl xtopology nonstop_tsc cpuid aperfmperf pni pclmulqdq dtes64 monitor ds_cpl vmx smx est tm2 ssse3 cx16 xtpr pdcm pcid sse4_1 sse4_2 popcnt aes lahf_lm pti ssbd ibrs ibpb stibp tpr_shadow vnmi flexpriority ept vpid dtherm ida arat flush_l1d
Online cpus:
0-3
Offline cpus:

BIOS frequency limitation:
2400000
Frequency switch latency (ns):
10000
Available cpu frequencies:
2400000 2399000 2266000 2133000 1999000 1866000 1733000 1599000 1466000 1333000 1199000 
Current governor:
ondemand
Core performance/turbo boost:
1

Memory: 4k page, physical 7944064k(129724k free), swap 2097148k(2093820k free)

vm_info: OpenJDK 64-Bit Server VM (11.0.10+9-Ubuntu-0ubuntu1.20.04) for linux-amd64 JRE (11.0.10+9-Ubuntu-0ubuntu1.20.04), built on Jan 20 2021 02:32:18 by "unknown" with gcc 9.3.0

END.
